2 path.c:128 0x279882a9 24
4 path.c:254 0x279882a9 24
2 path.c:128 0x2798a4c9 24
1 dynarray.c:84 0x279882a9 24
2 dynarray.c:95 0x2798a4f9 16
2 path.c:90 0x2798a529 6
1 path.c:143 0x2798a549 6
4 path.c:246 0x2798a549 6
4 path.c:31 0x2798a529 6
4 dynarray.c:112 0x2798a4f9 16
4 dynarray.c:113 0x279882a9 24
4 path.c:254 0x2798a4c9 24
1 dynarray.c:84 0x2798a4c9 24
2 dynarray.c:95 0x2798a569 16
1 bdtBad4.c:663 0x2798a529 1
4 dynarray.c:112 0x2798a569 16
4 dynarray.c:113 0x2798a4c9 24
4 bdt_client.c:39 0x2798a529 1
2 path.c:128 0x2798a599 24
4 path.c:254 0x2798a599 24
2 path.c:128 0x2798a5c9 24
1 dynarray.c:84 0x2798a599 24
2 dynarray.c:95 0x2798a5f9 16
4 dynarray.c:112 0x2798a5f9 16
4 dynarray.c:113 0x2798a599 24
4 path.c:254 0x2798a5c9 24
2 path.c:128 0x2798a629 24
1 dynarray.c:84 0x2798a5c9 24
2 dynarray.c:95 0x2798a659 16
2 path.c:90 0x2798a689 6
2 path.c:90 0x2798a6a9 7
4 path.c:31 0x2798a689 6
4 path.c:31 0x2798a6a9 7
4 dynarray.c:112 0x2798a659 16
4 dynarray.c:113 0x2798a5c9 24
4 path.c:254 0x2798a629 24
2 path.c:128 0x2798a629 24
1 dynarray.c:84 0x2798a659 24
2 dynarray.c:95 0x2798a5c9 16
2 path.c:90 0x2798a6c9 6
4 path.c:31 0x2798a6c9 6
4 dynarray.c:112 0x2798a5c9 16
4 dynarray.c:113 0x2798a659 24
4 path.c:254 0x2798a629 24
2 path.c:128 0x2798a629 24
1 dynarray.c:84 0x2798a5c9 24
2 dynarray.c:95 0x2798a659 16
2 path.c:90 0x2798a6e9 6
1 path.c:143 0x2798a6c9 6
2 path.c:178 0x2798a709 24
1 dynarray.c:84 0x2798a599 24
2 dynarray.c:95 0x2798a739 16
2 path.c:191 0x2798a769 6
2 path.c:205 0x2798a789 6
3 path.c:223 0x2798a769 0x2798a769 6 6
1 bdtBad4.c:143 0x2798a7a9 32
2 path.c:178 0x2798a7e9 24
1 dynarray.c:84 0x2798a5f9 24
2 dynarray.c:95 0x2798a819 16
2 path.c:191 0x2798a849 6
2 path.c:205 0x2798a869 6
3 path.c:223 0x2798a849 0x2798a849 6 6
4 path.c:246 0x2798a769 6
4 path.c:31 0x2798a789 6
4 dynarray.c:112 0x2798a739 16
4 dynarray.c:113 0x2798a599 24
4 path.c:254 0x2798a709 24
4 path.c:246 0x2798a6c9 6
4 path.c:31 0x2798a6e9 6
4 dynarray.c:112 0x2798a659 16
4 dynarray.c:113 0x2798a5c9 24
4 path.c:254 0x2798a629 24
2 path.c:128 0x2798a629 24
1 dynarray.c:84 0x2798a709 24
2 dynarray.c:95 0x2798a5c9 16
2 path.c:90 0x2798a6e9 6
2 path.c:90 0x2798a889 7
2 path.c:90 0x2798a8a9 12
3 dynarray.c:69 0x2798a8c9 0x2798a5c9 16 32
1 path.c:143 0x2798a659 25
2 path.c:178 0x2798a5c9 24
1 dynarray.c:84 0x2798a599 24
2 dynarray.c:95 0x2798a909 16
2 path.c:191 0x2798a939 25
2 path.c:205 0x2798a969 6
3 path.c:223 0x2798a939 0x2798a939 25 6
4 path.c:246 0x2798a939 6
4 path.c:31 0x2798a969 6
4 dynarray.c:112 0x2798a909 16
4 dynarray.c:113 0x2798a599 24
4 path.c:254 0x2798a5c9 24
2 path.c:178 0x2798a5c9 24
1 dynarray.c:84 0x2798a909 24
2 dynarray.c:95 0x2798a599 16
2 path.c:191 0x2798a989 25
2 path.c:205 0x2798a969 6
2 path.c:205 0x2798a9b9 7
3 path.c:223 0x2798a989 0x2798a989 25 13
4 path.c:246 0x2798a989 13
4 path.c:31 0x2798a969 6
4 path.c:31 0x2798a9b9 7
4 dynarray.c:112 0x2798a599 16
4 dynarray.c:113 0x2798a909 24
4 path.c:254 0x2798a5c9 24
2 path.c:178 0x2798a5c9 24
1 dynarray.c:84 0x2798a989 24
2 dynarray.c:95 0x2798a909 16
2 path.c:191 0x2798a9d9 25
2 path.c:205 0x2798a9b9 6
2 path.c:205 0x2798a969 7
3 path.c:223 0x2798a9d9 0x2798a9d9 25 13
1 bdtBad4.c:143 0x2798aa09 32
2 path.c:178 0x2798aa49 24
1 dynarray.c:84 0x2798a599 24
2 dynarray.c:95 0x2798aa79 16
2 path.c:191 0x2798aaa9 13
2 path.c:205 0x2798aac9 6
2 path.c:205 0x2798aae9 7
3 path.c:223 0x2798aaa9 0x2798aaa9 13 13
4 path.c:246 0x2798a9d9 13
4 path.c:31 0x2798a9b9 6
4 path.c:31 0x2798a969 7
4 dynarray.c:112 0x2798a909 16
4 dynarray.c:113 0x2798a989 24
4 path.c:254 0x2798a5c9 24
2 path.c:178 0x2798a5c9 24
1 dynarray.c:84 0x2798a9d9 24
2 dynarray.c:95 0x2798a989 24
2 path.c:191 0x2798ab09 25
2 path.c:205 0x2798a969 6
2 path.c:205 0x2798a9b9 7
2 path.c:205 0x2798ab39 12
3 path.c:223 0x2798ab09 0x2798ab09 25 25
1 bdtBad4.c:143 0x2798ab59 32
2 path.c:178 0x2798ab99 24
1 dynarray.c:84 0x2798a909 24
2 dynarray.c:95 0x2798abc9 24
2 path.c:191 0x2798abf9 25
2 path.c:205 0x2798ac29 6
2 path.c:205 0x2798ac49 7
2 path.c:205 0x2798ac69 12
3 path.c:223 0x2798abf9 0x2798abf9 25 25
4 path.c:246 0x2798ab09 25
4 path.c:31 0x2798a969 6
4 path.c:31 0x2798a9b9 7
4 path.c:31 0x2798ab39 12
4 dynarray.c:112 0x2798a989 24
4 dynarray.c:113 0x2798a9d9 24
4 path.c:254 0x2798a5c9 24
4 path.c:246 0x2798a659 25
4 path.c:31 0x2798a6e9 6
4 path.c:31 0x2798a889 7
4 path.c:31 0x2798a8a9 12
4 dynarray.c:112 0x2798a8c9 32
4 dynarray.c:113 0x2798a709 24
4 path.c:254 0x2798a629 24
2 path.c:128 0x2798a629 24
1 dynarray.c:84 0x2798ab09 24
2 dynarray.c:95 0x2798a709 16
2 path.c:90 0x2798a8a9 6
1 path.c:143 0x2798a6c9 6
2 path.c:178 0x2798a5c9 24
1 dynarray.c:84 0x2798a659 24
2 dynarray.c:95 0x2798a9d9 16
2 path.c:191 0x2798a889 6
2 path.c:205 0x2798ab39 6
3 path.c:223 0x2798a889 0x2798a889 6 6
4 path.c:246 0x2798a889 6
4 path.c:31 0x2798ab39 6
4 dynarray.c:112 0x2798a9d9 16
4 dynarray.c:113 0x2798a659 24
4 path.c:254 0x2798a5c9 24
4 path.c:246 0x2798a6c9 6
4 path.c:31 0x2798a8a9 6
4 dynarray.c:112 0x2798a709 16
4 dynarray.c:113 0x2798ab09 24
4 path.c:254 0x2798a629 24
2 path.c:128 0x2798a629 24
1 dynarray.c:84 0x2798a989 24
2 dynarray.c:95 0x2798ab09 16
2 path.c:90 0x2798a8a9 6
2 path.c:90 0x2798a6c9 7
1 path.c:143 0x2798a6e9 13
2 path.c:178 0x2798a5c9 24
1 dynarray.c:84 0x2798a709 24
2 dynarray.c:95 0x2798a659 16
2 path.c:191 0x2798ab39 13
2 path.c:205 0x2798a9b9 6
3 path.c:223 0x2798ab39 0x2798ab39 13 6
4 path.c:246 0x2798ab39 6
4 path.c:31 0x2798a9b9 6
4 dynarray.c:112 0x2798a659 16
4 dynarray.c:113 0x2798a709 24
4 path.c:254 0x2798a5c9 24
2 path.c:178 0x2798a5c9 24
1 dynarray.c:84 0x2798a9d9 24
2 dynarray.c:95 0x2798a709 16
2 path.c:191 0x2798a9b9 13
2 path.c:205 0x2798ab39 6
2 path.c:205 0x2798a969 7
3 path.c:223 0x2798a9b9 0x2798a9b9 13 13
4 path.c:246 0x2798a9b9 13
4 path.c:31 0x2798ab39 6
4 path.c:31 0x2798a969 7
4 dynarray.c:112 0x2798a709 16
4 dynarray.c:113 0x2798a9d9 24
4 path.c:254 0x2798a5c9 24
4 path.c:246 0x2798a6e9 13
4 path.c:31 0x2798a8a9 6
4 path.c:31 0x2798a6c9 7
4 dynarray.c:112 0x2798ab09 16
4 dynarray.c:113 0x2798a989 24
4 path.c:254 0x2798a629 24
2 path.c:128 0x2798a629 24
1 dynarray.c:84 0x2798a659 24
2 dynarray.c:95 0x2798a989 16
2 path.c:90 0x2798a6c9 6
2 path.c:90 0x2798a8a9 7
2 path.c:90 0x2798a6e9 12
3 dynarray.c:69 0x2798ac89 0x2798a989 16 32
1 path.c:143 0x2798ab09 25
2 path.c:178 0x2798a989 24
1 dynarray.c:84 0x2798a5c9 24
2 dynarray.c:95 0x2798a9d9 16
2 path.c:191 0x2798acc9 25
2 path.c:205 0x2798a969 6
3 path.c:223 0x2798acc9 0x2798acc9 25 6
4 path.c:246 0x2798acc9 6
4 path.c:31 0x2798a969 6
4 dynarray.c:112 0x2798a9d9 16
4 dynarray.c:113 0x2798a5c9 24
4 path.c:254 0x2798a989 24
2 path.c:178 0x2798a989 24
1 dynarray.c:84 0x2798a709 24
2 dynarray.c:95 0x2798a5c9 16
2 path.c:191 0x2798acc9 25
2 path.c:205 0x2798a969 6
2 path.c:205 0x2798ab39 7
3 path.c:223 0x2798acc9 0x2798acc9 25 13
4 path.c:246 0x2798acc9 13
4 path.c:31 0x2798a969 6
4 path.c:31 0x2798ab39 7
4 dynarray.c:112 0x2798a5c9 16
4 dynarray.c:113 0x2798a709 24
4 path.c:254 0x2798a989 24
2 path.c:178 0x2798a989 24
1 dynarray.c:84 0x2798a9d9 24
2 dynarray.c:95 0x2798a709 24
2 path.c:191 0x2798acc9 25
2 path.c:205 0x2798ab39 6
2 path.c:205 0x2798a969 7
2 path.c:205 0x2798a9b9 12
3 path.c:223 0x2798acc9 0x2798acc9 25 25
4 path.c:246 0x2798acc9 25
4 path.c:31 0x2798ab39 6
4 path.c:31 0x2798a969 7
4 path.c:31 0x2798a9b9 12
4 dynarray.c:112 0x2798a709 24
4 dynarray.c:113 0x2798a9d9 24
4 path.c:254 0x2798a989 24
4 path.c:246 0x2798ab09 25
4 path.c:31 0x2798a6c9 6
4 path.c:31 0x2798a8a9 7
4 path.c:31 0x2798a6e9 12
4 dynarray.c:112 0x2798ac89 32
4 dynarray.c:113 0x2798a659 24
4 path.c:254 0x2798a629 24
2 path.c:128 0x2798a629 24
1 dynarray.c:84 0x2798a5c9 24
2 dynarray.c:95 0x2798a659 16
2 path.c:90 0x2798a6e9 12
1 path.c:143 0x2798a889 12
2 path.c:178 0x2798a989 24
1 dynarray.c:84 0x2798ab09 24
2 dynarray.c:95 0x2798a9d9 16
2 path.c:191 0x2798a8a9 12
2 path.c:205 0x2798a9b9 12
3 path.c:223 0x2798a8a9 0x2798a8a9 12 12
4 path.c:246 0x2798a8a9 12
4 path.c:31 0x2798a9b9 12
4 dynarray.c:112 0x2798a9d9 16
4 dynarray.c:113 0x2798ab09 24
4 path.c:254 0x2798a989 24
4 path.c:246 0x2798a889 12
4 path.c:31 0x2798a6e9 12
4 dynarray.c:112 0x2798a659 16
4 dynarray.c:113 0x2798a5c9 24
4 path.c:254 0x2798a629 24
2 path.c:128 0x2798a629 24
1 dynarray.c:84 0x2798a709 24
2 dynarray.c:95 0x2798a5c9 16
2 path.c:90 0x2798a6e9 12
1 path.c:143 0x2798a6c9 12
2 path.c:178 0x2798a989 24
1 dynarray.c:84 0x2798a659 24
2 dynarray.c:95 0x2798ab09 16
2 path.c:191 0x2798a889 12
2 path.c:205 0x2798a8a9 12
3 path.c:223 0x2798a889 0x2798a889 12 12
4 path.c:246 0x2798a889 12
4 path.c:31 0x2798a8a9 12
4 dynarray.c:112 0x2798ab09 16
4 dynarray.c:113 0x2798a659 24
4 path.c:254 0x2798a989 24
4 path.c:246 0x2798a6c9 12
4 path.c:31 0x2798a6e9 12
4 dynarray.c:112 0x2798a5c9 16
4 dynarray.c:113 0x2798a709 24
4 path.c:254 0x2798a629 24
2 path.c:128 0x2798a629 24
1 dynarray.c:84 0x2798a9d9 24
2 dynarray.c:95 0x2798a709 16
2 path.c:90 0x2798a6e9 12
1 path.c:143 0x2798a9b9 12
2 path.c:178 0x2798a989 24
1 dynarray.c:84 0x2798a5c9 24
2 dynarray.c:95 0x2798a659 16
2 path.c:191 0x2798a6c9 12
2 path.c:205 0x2798a889 12
3 path.c:223 0x2798a6c9 0x2798a6c9 12 12
4 path.c:246 0x2798a6c9 12
4 path.c:31 0x2798a889 12
4 dynarray.c:112 0x2798a659 16
4 dynarray.c:113 0x2798a5c9 24
4 path.c:254 0x2798a989 24
4 path.c:246 0x2798a9b9 12
4 path.c:31 0x2798a6e9 12
4 dynarray.c:112 0x2798a709 16
4 dynarray.c:113 0x2798a9d9 24
4 path.c:254 0x2798a629 24
2 path.c:128 0x2798a629 24
1 dynarray.c:84 0x2798ab09 24
2 dynarray.c:95 0x2798a9d9 16
2 path.c:90 0x2798a6e9 6
2 path.c:90 0x2798a9b9 8
1 path.c:143 0x2798a8a9 14
2 path.c:178 0x2798a989 24
1 dynarray.c:84 0x2798a709 24
2 dynarray.c:95 0x2798a5c9 16
2 path.c:191 0x2798a889 14
2 path.c:205 0x2798a969 6
3 path.c:223 0x2798a889 0x2798a889 14 6
4 path.c:246 0x2798a889 6
4 path.c:31 0x2798a969 6
4 dynarray.c:112 0x2798a5c9 16
4 dynarray.c:113 0x2798a709 24
4 path.c:254 0x2798a989 24
2 path.c:178 0x2798a989 24
1 dynarray.c:84 0x2798a659 24
2 dynarray.c:95 0x2798a709 16
2 path.c:191 0x2798a969 14
2 path.c:205 0x2798a889 6
2 path.c:205 0x2798ab39 8
3 path.c:223 0x2798a969 0x2798a969 14 14
4 path.c:246 0x2798a969 14
4 path.c:31 0x2798a889 6
4 path.c:31 0x2798ab39 8
4 dynarray.c:112 0x2798a709 16
4 dynarray.c:113 0x2798a659 24
4 path.c:254 0x2798a989 24
4 path.c:246 0x2798a8a9 14
4 path.c:31 0x2798a6e9 6
4 path.c:31 0x2798a9b9 8
4 dynarray.c:112 0x2798a9d9 16
4 dynarray.c:113 0x2798ab09 24
4 path.c:254 0x2798a629 24
2 path.c:128 0x2798a629 24
1 dynarray.c:84 0x2798a5c9 24
2 dynarray.c:95 0x2798ab09 16
2 path.c:90 0x2798a9b9 6
2 path.c:90 0x2798a6e9 7
2 path.c:90 0x2798a8a9 12
3 dynarray.c:69 0x2798acf9 0x2798ab09 16 32
1 path.c:143 0x2798a9d9 25
2 path.c:178 0x2798ab09 24
1 dynarray.c:84 0x2798a989 24
2 dynarray.c:95 0x2798a659 16
2 path.c:191 0x2798acc9 25
2 path.c:205 0x2798ab39 6
3 path.c:223 0x2798acc9 0x2798acc9 25 6
4 path.c:246 0x2798acc9 6
4 path.c:31 0x2798ab39 6
4 dynarray.c:112 0x2798a659 16
4 dynarray.c:113 0x2798a989 24
4 path.c:254 0x2798ab09 24
2 path.c:178 0x2798ab09 24
1 dynarray.c:84 0x2798a709 24
2 dynarray.c:95 0x2798a989 16
2 path.c:191 0x2798acc9 25
2 path.c:205 0x2798ab39 6
2 path.c:205 0x2798a889 7
3 path.c:223 0x2798acc9 0x2798acc9 25 13
4 path.c:246 0x2798acc9 13
4 path.c:31 0x2798ab39 6
4 path.c:31 0x2798a889 7
4 dynarray.c:112 0x2798a989 16
4 dynarray.c:113 0x2798a709 24
4 path.c:254 0x2798ab09 24
2 path.c:178 0x2798ab09 24
1 dynarray.c:84 0x2798a659 24
2 dynarray.c:95 0x2798a709 24
2 path.c:191 0x2798acc9 25
2 path.c:205 0x2798a889 6
2 path.c:205 0x2798ab39 7
2 path.c:205 0x2798a969 12
3 path.c:223 0x2798acc9 0x2798acc9 25 25
4 path.c:246 0x2798acc9 25
4 path.c:31 0x2798a889 6
4 path.c:31 0x2798ab39 7
4 path.c:31 0x2798a969 12
4 dynarray.c:112 0x2798a709 24
4 dynarray.c:113 0x2798a659 24
4 path.c:254 0x2798ab09 24
4 path.c:246 0x2798a9d9 25
4 path.c:31 0x2798a9b9 6
4 path.c:31 0x2798a6e9 7
4 path.c:31 0x2798a8a9 12
4 dynarray.c:112 0x2798acf9 32
4 dynarray.c:113 0x2798a5c9 24
4 path.c:254 0x2798a629 24
2 path.c:128 0x2798a629 24
1 dynarray.c:84 0x2798a989 24
2 dynarray.c:95 0x2798a5c9 16
2 path.c:90 0x2798a8a9 12
2 path.c:90 0x2798a6e9 6
2 path.c:90 0x2798a9b9 9
3 dynarray.c:69 0x2798ad39 0x2798a5c9 16 32
1 path.c:143 0x2798a9d9 27
2 path.c:178 0x2798a5c9 24
1 dynarray.c:84 0x2798ab09 24
2 dynarray.c:95 0x2798a659 16
2 path.c:191 0x2798acc9 27
2 path.c:205 0x2798a969 12
3 path.c:223 0x2798acc9 0x2798acc9 27 12
4 path.c:246 0x2798acc9 12
4 path.c:31 0x2798a969 12
4 dynarray.c:112 0x2798a659 16
4 dynarray.c:113 0x2798ab09 24
4 path.c:254 0x2798a5c9 24
4 path.c:246 0x2798a9d9 27
4 path.c:31 0x2798a8a9 12
4 path.c:31 0x2798a6e9 6
4 path.c:31 0x2798a9b9 9
4 dynarray.c:112 0x2798ad39 32
4 dynarray.c:113 0x2798a989 24
4 path.c:254 0x2798a629 24
2 path.c:128 0x2798a629 24
1 dynarray.c:84 0x2798a709 24
2 dynarray.c:95 0x2798a989 16
2 path.c:90 0x2798a9b9 6
2 path.c:90 0x2798a6e9 8
1 path.c:143 0x2798a6c9 14
2 path.c:178 0x2798a5c9 24
1 dynarray.c:84 0x2798a9d9 24
2 dynarray.c:95 0x2798ab09 16
2 path.c:191 0x2798a8a9 14
2 path.c:205 0x2798ab39 6
3 path.c:223 0x2798a8a9 0x2798a8a9 14 6
4 path.c:246 0x2798a8a9 6
4 path.c:31 0x2798ab39 6
4 dynarray.c:112 0x2798ab09 16
4 dynarray.c:113 0x2798a9d9 24
4 path.c:254 0x2798a5c9 24
2 path.c:178 0x2798a5c9 24
1 dynarray.c:84 0x2798a659 24
2 dynarray.c:95 0x2798a9d9 16
2 path.c:191 0x2798ab39 14
2 path.c:205 0x2798a8a9 6
2 path.c:205 0x2798a889 8
3 path.c:223 0x2798ab39 0x2798ab39 14 14
4 path.c:246 0x2798ab39 14
4 path.c:31 0x2798a8a9 6
4 path.c:31 0x2798a889 8
4 dynarray.c:112 0x2798a9d9 16
4 dynarray.c:113 0x2798a659 24
4 path.c:254 0x2798a5c9 24
2 path.c:178 0x2798a5c9 24
1 dynarray.c:84 0x2798ab09 24
2 dynarray.c:95 0x2798a659 16
2 path.c:191 0x2798a889 14
2 path.c:205 0x2798a8a9 6
2 path.c:205 0x2798ab39 8
3 path.c:223 0x2798a889 0x2798a889 14 14
1 bdtBad4.c:143 0x2798ad39 32
2 path.c:178 0x2798acc9 24
1 dynarray.c:84 0x2798a9d9 24
2 dynarray.c:95 0x2798ad79 16
2 path.c:191 0x2798ada9 14
2 path.c:205 0x2798adc9 6
2 path.c:205 0x2798ade9 8
3 path.c:223 0x2798ada9 0x2798ada9 14 14
4 path.c:246 0x2798a889 14
4 path.c:31 0x2798a8a9 6
4 path.c:31 0x2798ab39 8
4 dynarray.c:112 0x2798a659 16
4 dynarray.c:113 0x2798ab09 24
4 path.c:254 0x2798a5c9 24
4 path.c:246 0x2798a6c9 14
4 path.c:31 0x2798a9b9 6
4 path.c:31 0x2798a6e9 8
4 dynarray.c:112 0x2798a989 16
4 dynarray.c:113 0x2798a709 24
4 path.c:254 0x2798a629 24
2 path.c:128 0x2798a629 24
1 dynarray.c:84 0x2798a659 24
2 dynarray.c:95 0x2798a709 16
2 path.c:90 0x2798a6e9 6
2 path.c:90 0x2798a9b9 7
1 path.c:143 0x2798a969 13
2 path.c:178 0x2798a5c9 24
1 dynarray.c:84 0x2798a989 24
2 dynarray.c:95 0x2798ab09 16
2 path.c:191 0x2798a6c9 13
2 path.c:205 0x2798a8a9 6
3 path.c:223 0x2798a6c9 0x2798a6c9 13 6
4 path.c:246 0x2798a6c9 6
4 path.c:31 0x2798a8a9 6
4 dynarray.c:112 0x2798ab09 16
4 dynarray.c:113 0x2798a989 24
4 path.c:254 0x2798a5c9 24
2 path.c:178 0x2798a5c9 24
1 dynarray.c:84 0x2798ab09 24
2 dynarray.c:95 0x2798a989 16
2 path.c:191 0x2798a8a9 13
2 path.c:205 0x2798a6c9 6
2 path.c:205 0x2798a889 7
3 path.c:223 0x2798a8a9 0x2798a8a9 13 13
4 path.c:246 0x2798a8a9 13
4 path.c:31 0x2798a6c9 6
4 path.c:31 0x2798a889 7
4 dynarray.c:112 0x2798a989 16
4 dynarray.c:113 0x2798ab09 24
4 path.c:254 0x2798a5c9 24
2 path.c:178 0x2798a5c9 24
1 dynarray.c:84 0x2798a989 24
2 dynarray.c:95 0x2798ab09 16
2 path.c:191 0x2798a889 13
2 path.c:205 0x2798a6c9 6
2 path.c:205 0x2798a8a9 7
3 path.c:223 0x2798a889 0x2798a889 13 13
1 bdtBad4.c:143 0x2798acf9 32
2 path.c:178 0x2798ae09 24
1 dynarray.c:84 0x2798a939 24
2 dynarray.c:95 0x2798ae39 16
2 path.c:191 0x2798ae69 13
2 path.c:205 0x2798ae89 6
2 path.c:205 0x2798aea9 7
3 path.c:223 0x2798ae69 0x2798ae69 13 13
4 path.c:246 0x2798ae69 13
4 path.c:31 0x2798ae89 6
4 path.c:31 0x2798aea9 7
4 dynarray.c:112 0x2798ae39 16
4 dynarray.c:113 0x2798a939 24
4 path.c:254 0x2798ae09 24
4 bdtBad4.c:193 0x2798acf9 32
4 path.c:246 0x2798a969 13
4 path.c:31 0x2798a6e9 6
4 path.c:31 0x2798a9b9 7
4 dynarray.c:112 0x2798a709 16
4 dynarray.c:113 0x2798a659 24
4 path.c:254 0x2798a629 24
4 path.c:246 0x2798a889 13
4 path.c:31 0x2798a6c9 6
4 path.c:31 0x2798a8a9 7
4 dynarray.c:112 0x2798ab09 16
4 dynarray.c:113 0x2798a989 24
4 path.c:254 0x2798a5c9 24
2 path.c:128 0x2798a5c9 24
1 dynarray.c:84 0x2798a939 24
2 dynarray.c:95 0x2798a989 16
2 path.c:90 0x2798a8a9 6
2 path.c:90 0x2798a6c9 4
2 path.c:90 0x2798a889 5
3 dynarray.c:69 0x2798aec9 0x2798a989 16 32
2 path.c:90 0x2798a9b9 7
1 path.c:143 0x2798ab09 22
2 path.c:178 0x2798a989 24
1 dynarray.c:84 0x2798a629 24
2 dynarray.c:95 0x2798a659 16
2 path.c:191 0x2798ae09 22
2 path.c:205 0x2798a6e9 6
3 path.c:223 0x2798ae09 0x2798ae09 22 6
4 path.c:246 0x2798ae09 6
4 path.c:31 0x2798a6e9 6
4 dynarray.c:112 0x2798a659 16
4 dynarray.c:113 0x2798a629 24
4 path.c:254 0x2798a989 24
2 path.c:178 0x2798a989 24
1 dynarray.c:84 0x2798a709 24
2 dynarray.c:95 0x2798a629 16
2 path.c:191 0x2798ae09 22
2 path.c:205 0x2798a6e9 6
2 path.c:205 0x2798a969 4
3 path.c:223 0x2798ae09 0x2798ae09 22 10
4 path.c:246 0x2798ae09 10
4 path.c:31 0x2798a6e9 6
4 path.c:31 0x2798a969 4
4 dynarray.c:112 0x2798a629 16
4 dynarray.c:113 0x2798a709 24
4 path.c:254 0x2798a989 24
2 path.c:178 0x2798a989 24
1 dynarray.c:84 0x2798a659 24
2 dynarray.c:95 0x2798a709 16
2 path.c:191 0x2798ae09 22
2 path.c:205 0x2798a969 6
2 path.c:205 0x2798a6e9 4
3 path.c:223 0x2798ae09 0x2798ae09 22 10
1 bdtBad4.c:143 0x2798acf9 32
2 path.c:178 0x2798af09 24
1 dynarray.c:84 0x2798a629 24
2 dynarray.c:95 0x2798af39 16
2 path.c:191 0x2798aea9 10
2 path.c:205 0x2798ae89 6
2 path.c:205 0x2798ae69 4
3 path.c:223 0x2798aea9 0x2798aea9 10 10
4 path.c:246 0x2798aea9 10
4 path.c:31 0x2798ae89 6
4 path.c:31 0x2798ae69 4
4 dynarray.c:112 0x2798af39 16
4 dynarray.c:113 0x2798a629 24
4 path.c:254 0x2798af09 24
4 bdtBad4.c:193 0x2798acf9 32
4 path.c:246 0x2798ab09 22
4 path.c:31 0x2798a8a9 6
4 path.c:31 0x2798a6c9 4
4 path.c:31 0x2798a889 5
4 path.c:31 0x2798a9b9 7
4 dynarray.c:112 0x2798aec9 32
4 dynarray.c:113 0x2798a939 24
4 path.c:254 0x2798a5c9 24
4 path.c:246 0x2798ae09 10
4 path.c:31 0x2798a969 6
4 path.c:31 0x2798a6e9 4
4 dynarray.c:112 0x2798a709 16
4 dynarray.c:113 0x2798a659 24
4 path.c:254 0x2798a989 24
2 path.c:128 0x2798a989 24
1 dynarray.c:84 0x2798af39 24
2 dynarray.c:95 0x2798a659 16
2 path.c:90 0x2798a6e9 6
1 path.c:143 0x2798ab39 6
2 path.c:178 0x2798ae09 24
1 dynarray.c:84 0x2798a709 24
2 dynarray.c:95 0x2798a5c9 16
2 path.c:191 0x2798a969 6
2 path.c:205 0x2798a889 6
3 path.c:223 0x2798a969 0x2798a969 6 6
4 path.c:246 0x2798a969 6
4 path.c:31 0x2798a889 6
4 dynarray.c:112 0x2798a5c9 16
4 dynarray.c:113 0x2798a709 24
4 path.c:254 0x2798ae09 24
4 path.c:246 0x2798ab39 6
4 path.c:31 0x2798a6e9 6
4 dynarray.c:112 0x2798a659 16
4 dynarray.c:113 0x2798af39 24
4 path.c:254 0x2798a989 24
2 path.c:128 0x2798a989 24
1 dynarray.c:84 0x2798a939 24
2 dynarray.c:95 0x2798af39 16
2 path.c:90 0x2798a6e9 6
2 path.c:90 0x2798ab39 7
1 path.c:143 0x2798a9b9 13
2 path.c:178 0x2798ae09 24
1 dynarray.c:84 0x2798a659 24
2 dynarray.c:95 0x2798a709 16
2 path.c:191 0x2798a889 13
2 path.c:205 0x2798a6c9 6
3 path.c:223 0x2798a889 0x2798a889 13 6
4 path.c:246 0x2798a889 6
4 path.c:31 0x2798a6c9 6
4 dynarray.c:112 0x2798a709 16
4 dynarray.c:113 0x2798a659 24
4 path.c:254 0x2798ae09 24
2 path.c:178 0x2798ae09 24
1 dynarray.c:84 0x2798a5c9 24
2 dynarray.c:95 0x2798a659 16
2 path.c:191 0x2798a6c9 13
2 path.c:205 0x2798a889 6
2 path.c:205 0x2798a8a9 7
3 path.c:223 0x2798a6c9 0x2798a6c9 13 13
4 path.c:246 0x2798a6c9 13
4 path.c:31 0x2798a889 6
4 path.c:31 0x2798a8a9 7
4 dynarray.c:112 0x2798a659 16
4 dynarray.c:113 0x2798a5c9 24
4 path.c:254 0x2798ae09 24
4 path.c:246 0x2798a9b9 13
4 path.c:31 0x2798a6e9 6
4 path.c:31 0x2798ab39 7
4 dynarray.c:112 0x2798af39 16
4 dynarray.c:113 0x2798a939 24
4 path.c:254 0x2798a989 24
2 path.c:128 0x2798a989 24
1 dynarray.c:84 0x2798a709 24
2 dynarray.c:95 0x2798a939 16
2 path.c:90 0x2798ab39 6
2 path.c:90 0x2798a6e9 8
1 path.c:143 0x2798a969 14
2 path.c:178 0x2798ae09 24
1 dynarray.c:84 0x2798af39 24
2 dynarray.c:95 0x2798a5c9 16
2 path.c:191 0x2798a9b9 14
2 path.c:205 0x2798a889 6
3 path.c:223 0x2798a9b9 0x2798a9b9 14 6
4 path.c:246 0x2798a9b9 6
4 path.c:31 0x2798a889 6
4 dynarray.c:112 0x2798a5c9 16
4 dynarray.c:113 0x2798af39 24
4 path.c:254 0x2798ae09 24
2 path.c:178 0x2798ae09 24
1 dynarray.c:84 0x2798a659 24
2 dynarray.c:95 0x2798af39 16
2 path.c:191 0x2798a889 14
2 path.c:205 0x2798a9b9 6
2 path.c:205 0x2798a6c9 8
3 path.c:223 0x2798a889 0x2798a889 14 14
4 path.c:246 0x2798a889 14
4 path.c:31 0x2798a9b9 6
4 path.c:31 0x2798a6c9 8
4 dynarray.c:112 0x2798af39 16
4 dynarray.c:113 0x2798a659 24
4 path.c:254 0x2798ae09 24
4 path.c:246 0x2798a969 14
4 path.c:31 0x2798ab39 6
4 path.c:31 0x2798a6e9 8
4 dynarray.c:112 0x2798a939 16
4 dynarray.c:113 0x2798a709 24
4 path.c:254 0x2798a989 24
2 path.c:128 0x2798a989 24
1 dynarray.c:84 0x2798a5c9 24
2 dynarray.c:95 0x2798a709 16
2 path.c:90 0x2798a6e9 6
2 path.c:90 0x2798ab39 7
1 path.c:143 0x2798a8a9 13
2 path.c:178 0x2798ae09 24
1 dynarray.c:84 0x2798a939 24
2 dynarray.c:95 0x2798a659 16
2 path.c:191 0x2798a969 13
2 path.c:205 0x2798a9b9 6
3 path.c:223 0x2798a969 0x2798a969 13 6
4 path.c:246 0x2798a969 6
4 path.c:31 0x2798a9b9 6
4 dynarray.c:112 0x2798a659 16
4 dynarray.c:113 0x2798a939 24
4 path.c:254 0x2798ae09 24
2 path.c:178 0x2798ae09 24
1 dynarray.c:84 0x2798af39 24
2 dynarray.c:95 0x2798a939 16
2 path.c:191 0x2798a9b9 13
2 path.c:205 0x2798a969 6
2 path.c:205 0x2798a889 7
3 path.c:223 0x2798a9b9 0x2798a9b9 13 13
4 path.c:246 0x2798a9b9 13
4 path.c:31 0x2798a969 6
4 path.c:31 0x2798a889 7
4 dynarray.c:112 0x2798a939 16
4 dynarray.c:113 0x2798af39 24
4 path.c:254 0x2798ae09 24
4 path.c:246 0x2798a8a9 13
4 path.c:31 0x2798a6e9 6
4 path.c:31 0x2798ab39 7
4 dynarray.c:112 0x2798a709 16
4 dynarray.c:113 0x2798a5c9 24
4 path.c:254 0x2798a989 24
2 path.c:128 0x2798a989 24
1 dynarray.c:84 0x2798a659 24
2 dynarray.c:95 0x2798a5c9 16
2 path.c:90 0x2798ab39 6
2 path.c:90 0x2798a6e9 4
1 path.c:143 0x2798a6c9 10
2 path.c:178 0x2798ae09 24
1 dynarray.c:84 0x2798a709 24
2 dynarray.c:95 0x2798af39 16
2 path.c:191 0x2798a8a9 10
2 path.c:205 0x2798a969 6
3 path.c:223 0x2798a8a9 0x2798a8a9 10 6
4 path.c:246 0x2798a8a9 6
4 path.c:31 0x2798a969 6
4 dynarray.c:112 0x2798af39 16
4 dynarray.c:113 0x2798a709 24
4 path.c:254 0x2798ae09 24
2 path.c:178 0x2798ae09 24
1 dynarray.c:84 0x2798a939 24
2 dynarray.c:95 0x2798a709 16
2 path.c:191 0x2798a969 10
2 path.c:205 0x2798a8a9 6
2 path.c:205 0x2798a9b9 4
3 path.c:223 0x2798a969 0x2798a969 10 10
4 path.c:246 0x2798a969 10
4 path.c:31 0x2798a8a9 6
4 path.c:31 0x2798a9b9 4
4 dynarray.c:112 0x2798a709 16
4 dynarray.c:113 0x2798a939 24
4 path.c:254 0x2798ae09 24
4 path.c:246 0x2798a6c9 10
4 path.c:31 0x2798ab39 6
4 path.c:31 0x2798a6e9 4
4 dynarray.c:112 0x2798a5c9 16
4 dynarray.c:113 0x2798a659 24
4 path.c:254 0x2798a989 24
2 path.c:128 0x2798a989 24
1 dynarray.c:84 0x2798af39 24
2 dynarray.c:95 0x2798a659 16
2 path.c:90 0x2798a6e9 6
2 path.c:90 0x2798ab39 4
2 path.c:90 0x2798a6c9 5
3 dynarray.c:69 0x2798af69 0x2798a659 16 32
1 path.c:143 0x2798a5c9 15
2 path.c:178 0x2798a659 24
1 dynarray.c:84 0x2798ae09 24
2 dynarray.c:95 0x2798a939 16
2 path.c:191 0x2798ab09 15
2 path.c:205 0x2798a9b9 6
3 path.c:223 0x2798ab09 0x2798ab09 15 6
4 path.c:246 0x2798ab09 6
4 path.c:31 0x2798a9b9 6
4 dynarray.c:112 0x2798a939 16
4 dynarray.c:113 0x2798ae09 24
4 path.c:254 0x2798a659 24
2 path.c:178 0x2798a659 24
1 dynarray.c:84 0x2798a709 24
2 dynarray.c:95 0x2798ae09 16
2 path.c:191 0x2798ab09 15
2 path.c:205 0x2798a9b9 6
2 path.c:205 0x2798a8a9 4
3 path.c:223 0x2798ab09 0x2798ab09 15 10
4 path.c:246 0x2798ab09 10
4 path.c:31 0x2798a9b9 6
4 path.c:31 0x2798a8a9 4
4 dynarray.c:112 0x2798ae09 16
4 dynarray.c:113 0x2798a709 24
4 path.c:254 0x2798a659 24
4 path.c:246 0x2798a5c9 15
4 path.c:31 0x2798a6e9 6
4 path.c:31 0x2798ab39 4
4 path.c:31 0x2798a6c9 5
4 dynarray.c:112 0x2798af69 32
4 dynarray.c:113 0x2798af39 24
4 path.c:254 0x2798a989 24
2 path.c:128 0x2798a989 24
1 dynarray.c:84 0x2798a939 24
2 dynarray.c:95 0x2798af39 16
2 path.c:90 0x2798a6c9 6
2 path.c:90 0x2798ab39 4
2 path.c:90 0x2798a6e9 5
3 dynarray.c:69 0x2798afa9 0x2798af39 16 32
2 path.c:90 0x2798a8a9 7
1 path.c:143 0x2798a5c9 22
2 path.c:178 0x2798af39 24
1 dynarray.c:84 0x2798a659 24
2 dynarray.c:95 0x2798a709 16
2 path.c:191 0x2798ab09 22
2 path.c:205 0x2798a9b9 6
3 path.c:223 0x2798ab09 0x2798ab09 22 6
4 path.c:246 0x2798ab09 6
4 path.c:31 0x2798a9b9 6
4 dynarray.c:112 0x2798a709 16
4 dynarray.c:113 0x2798a659 24
4 path.c:254 0x2798af39 24
2 path.c:178 0x2798af39 24
1 dynarray.c:84 0x2798ae09 24
2 dynarray.c:95 0x2798a659 16
2 path.c:191 0x2798ab09 22
2 path.c:205 0x2798a9b9 6
2 path.c:205 0x2798a969 4
3 path.c:223 0x2798ab09 0x2798ab09 22 10
4 path.c:246 0x2798ab09 10
4 path.c:31 0x2798a9b9 6
4 path.c:31 0x2798a969 4
4 dynarray.c:112 0x2798a659 16
4 dynarray.c:113 0x2798ae09 24
4 path.c:254 0x2798af39 24
4 path.c:246 0x2798a5c9 22
4 path.c:31 0x2798a6c9 6
4 path.c:31 0x2798ab39 4
4 path.c:31 0x2798a6e9 5
4 path.c:31 0x2798a8a9 7
4 dynarray.c:112 0x2798afa9 32
4 dynarray.c:113 0x2798a939 24
4 path.c:254 0x2798a989 24
1 dynarray.c:84 0x2798a709 24
2 dynarray.c:95 0x2798afe9 32
1 bdtBad4.c:663 0x2798b029 55
4 dynarray.c:112 0x2798afe9 32
4 dynarray.c:113 0x2798a709 24
6 bdt_client.c:82 0x2798b029
4 bdt_client.c:82 0x2798b029 55
2 path.c:128 0x2798a989 24
1 dynarray.c:84 0x2798a709 24
2 dynarray.c:95 0x2798a939 16
2 path.c:90 0x2798a8a9 6
2 path.c:90 0x2798a6e9 7
2 path.c:90 0x2798ab39 12
3 dynarray.c:69 0x2798b079 0x2798a939 16 32
1 path.c:143 0x2798a5c9 25
2 path.c:178 0x2798a939 24
1 dynarray.c:84 0x2798af39 24
2 dynarray.c:95 0x2798ae09 16
2 path.c:191 0x2798ab09 25
2 path.c:205 0x2798a6c9 6
3 path.c:223 0x2798ab09 0x2798ab09 25 6
4 path.c:246 0x2798ab09 6
4 path.c:31 0x2798a6c9 6
4 dynarray.c:112 0x2798ae09 16
4 dynarray.c:113 0x2798af39 24
4 path.c:254 0x2798a939 24
2 path.c:178 0x2798a939 24
1 dynarray.c:84 0x2798a659 24
2 dynarray.c:95 0x2798af39 16
2 path.c:191 0x2798ab09 25
2 path.c:205 0x2798a6c9 6
2 path.c:205 0x2798a969 7
3 path.c:223 0x2798ab09 0x2798ab09 25 13
4 path.c:246 0x2798ab09 13
4 path.c:31 0x2798a6c9 6
4 path.c:31 0x2798a969 7
4 dynarray.c:112 0x2798af39 16
4 dynarray.c:113 0x2798a659 24
4 path.c:254 0x2798a939 24
2 path.c:178 0x2798a939 24
1 dynarray.c:84 0x2798ae09 24
2 dynarray.c:95 0x2798a659 24
2 path.c:191 0x2798ab09 25
2 path.c:205 0x2798a969 6
2 path.c:205 0x2798a6c9 7
2 path.c:205 0x2798a9b9 12
3 path.c:223 0x2798ab09 0x2798ab09 25 25
4 path.c:246 0x2798ab09 25
4 path.c:31 0x2798a969 6
4 path.c:31 0x2798a6c9 7
4 path.c:31 0x2798a9b9 12
4 dynarray.c:112 0x2798a659 24
4 dynarray.c:113 0x2798ae09 24
4 path.c:254 0x2798a939 24
4 path.c:246 0x2798a5c9 25
4 path.c:31 0x2798a8a9 6
4 path.c:31 0x2798a6e9 7
4 path.c:31 0x2798ab39 12
4 dynarray.c:112 0x2798b079 32
4 dynarray.c:113 0x2798a709 24
4 path.c:254 0x2798a989 24
2 path.c:128 0x2798a989 24
1 dynarray.c:84 0x2798af39 24
2 dynarray.c:95 0x2798a709 16
2 path.c:90 0x2798ab39 6
2 path.c:90 0x2798a6e9 8
2 path.c:90 0x2798a8a9 12
3 dynarray.c:69 0x2798b079 0x2798a709 16 32
1 path.c:143 0x2798a5c9 26
2 path.c:178 0x2798a709 24
1 dynarray.c:84 0x2798a939 24
2 dynarray.c:95 0x2798ae09 16
2 path.c:191 0x2798ab09 26
2 path.c:205 0x2798a9b9 6
3 path.c:223 0x2798ab09 0x2798ab09 26 6
4 path.c:246 0x2798ab09 6
4 path.c:31 0x2798a9b9 6
4 dynarray.c:112 0x2798ae09 16
4 dynarray.c:113 0x2798a939 24
4 path.c:254 0x2798a709 24
2 path.c:178 0x2798a709 24
1 dynarray.c:84 0x2798a659 24
2 dynarray.c:95 0x2798a939 16
2 path.c:191 0x2798ab09 26
2 path.c:205 0x2798a9b9 6
2 path.c:205 0x2798a6c9 8
3 path.c:223 0x2798ab09 0x2798ab09 26 14
4 path.c:246 0x2798ab09 14
4 path.c:31 0x2798a9b9 6
4 path.c:31 0x2798a6c9 8
4 dynarray.c:112 0x2798a939 16
4 dynarray.c:113 0x2798a659 24
4 path.c:254 0x2798a709 24
2 path.c:178 0x2798a709 24
1 dynarray.c:84 0x2798ae09 24
2 dynarray.c:95 0x2798a659 24
2 path.c:191 0x2798ab09 26
2 path.c:205 0x2798a6c9 6
2 path.c:205 0x2798a9b9 8
2 path.c:205 0x2798a969 12
3 path.c:223 0x2798ab09 0x2798ab09 26 26
4 path.c:246 0x2798ab09 26
4 path.c:31 0x2798a6c9 6
4 path.c:31 0x2798a9b9 8
4 path.c:31 0x2798a969 12
4 dynarray.c:112 0x2798a659 24
4 dynarray.c:113 0x2798ae09 24
4 path.c:254 0x2798a709 24
4 path.c:246 0x2798a5c9 26
4 path.c:31 0x2798ab39 6
4 path.c:31 0x2798a6e9 8
4 path.c:31 0x2798a8a9 12
4 dynarray.c:112 0x2798b079 32
4 dynarray.c:113 0x2798af39 24
4 path.c:254 0x2798a989 24
2 path.c:128 0x2798a989 24
1 dynarray.c:84 0x2798a939 24
2 dynarray.c:95 0x2798af39 16
2 path.c:90 0x2798a8a9 6
2 path.c:90 0x2798a6e9 8
2 path.c:90 0x2798ab39 12
3 dynarray.c:69 0x2798b079 0x2798af39 16 32
1 path.c:143 0x2798a5c9 26
2 path.c:178 0x2798af39 24
1 dynarray.c:84 0x2798a709 24
2 dynarray.c:95 0x2798ae09 16
2 path.c:191 0x2798ab09 26
2 path.c:205 0x2798a969 6
3 path.c:223 0x2798ab09 0x2798ab09 26 6
4 path.c:246 0x2798ab09 6
4 path.c:31 0x2798a969 6
4 dynarray.c:112 0x2798ae09 16
4 dynarray.c:113 0x2798a709 24
4 path.c:254 0x2798af39 24
2 path.c:178 0x2798af39 24
1 dynarray.c:84 0x2798a659 24
2 dynarray.c:95 0x2798a709 16
2 path.c:191 0x2798ab09 26
2 path.c:205 0x2798a969 6
2 path.c:205 0x2798a9b9 8
3 path.c:223 0x2798ab09 0x2798ab09 26 14
4 path.c:246 0x2798ab09 14
4 path.c:31 0x2798a969 6
4 path.c:31 0x2798a9b9 8
4 dynarray.c:112 0x2798a709 16
4 dynarray.c:113 0x2798a659 24
4 path.c:254 0x2798af39 24
2 path.c:178 0x2798af39 24
1 dynarray.c:84 0x2798ae09 24
2 dynarray.c:95 0x2798a659 24
2 path.c:191 0x2798ab09 26
2 path.c:205 0x2798a9b9 6
2 path.c:205 0x2798a969 8
2 path.c:205 0x2798a6c9 12
3 path.c:223 0x2798ab09 0x2798ab09 26 26
4 path.c:246 0x2798ab09 26
4 path.c:31 0x2798a9b9 6
4 path.c:31 0x2798a969 8
4 path.c:31 0x2798a6c9 12
4 dynarray.c:112 0x2798a659 24
4 dynarray.c:113 0x2798ae09 24
4 path.c:254 0x2798af39 24
2 path.c:178 0x2798af39 24
1 dynarray.c:84 0x2798a709 24
2 dynarray.c:95 0x2798ae09 24
2 path.c:191 0x2798ab09 26
2 path.c:205 0x2798a6c9 6
2 path.c:205 0x2798a969 8
2 path.c:205 0x2798a9b9 12
3 path.c:223 0x2798ab09 0x2798ab09 26 26
1 bdtBad4.c:143 0x2798afe9 32
2 path.c:178 0x2798af09 24
1 dynarray.c:84 0x2798a659 24
2 dynarray.c:95 0x2798a629 24
2 path.c:191 0x2798b0b9 26
2 path.c:205 0x2798ae69 6
2 path.c:205 0x2798ae89 8
2 path.c:205 0x2798aea9 12
3 path.c:223 0x2798b0b9 0x2798b0b9 26 26
4 path.c:246 0x2798ab09 26
4 path.c:31 0x2798a6c9 6
4 path.c:31 0x2798a969 8
4 path.c:31 0x2798a9b9 12
4 dynarray.c:112 0x2798ae09 24
4 dynarray.c:113 0x2798a709 24
4 path.c:254 0x2798af39 24
4 path.c:246 0x2798a5c9 26
4 path.c:31 0x2798a8a9 6
4 path.c:31 0x2798a6e9 8
4 path.c:31 0x2798ab39 12
4 dynarray.c:112 0x2798b079 32
4 dynarray.c:113 0x2798a939 24
4 path.c:254 0x2798a989 24
2 path.c:128 0x2798a989 24
1 dynarray.c:84 0x2798ab09 24
2 dynarray.c:95 0x2798a939 16
2 path.c:90 0x2798ab39 6
2 path.c:90 0x2798a6e9 7
2 path.c:90 0x2798a8a9 12
3 dynarray.c:69 0x2798b0e9 0x2798a939 16 32
1 path.c:143 0x2798a5c9 25
2 path.c:178 0x2798a939 24
1 dynarray.c:84 0x2798af39 24
2 dynarray.c:95 0x2798a709 16
2 path.c:191 0x2798b129 25
2 path.c:205 0x2798a9b9 6
3 path.c:223 0x2798b129 0x2798b129 25 6
4 path.c:246 0x2798b129 6
4 path.c:31 0x2798a9b9 6
4 dynarray.c:112 0x2798a709 16
4 dynarray.c:113 0x2798af39 24
4 path.c:254 0x2798a939 24
2 path.c:178 0x2798a939 24
1 dynarray.c:84 0x2798ae09 24
2 dynarray.c:95 0x2798af39 16
2 path.c:191 0x2798b129 25
2 path.c:205 0x2798a9b9 6
2 path.c:205 0x2798a969 7
3 path.c:223 0x2798b129 0x2798b129 25 13
4 path.c:246 0x2798b129 13
4 path.c:31 0x2798a9b9 6
4 path.c:31 0x2798a969 7
4 dynarray.c:112 0x2798af39 16
4 dynarray.c:113 0x2798ae09 24
4 path.c:254 0x2798a939 24
2 path.c:178 0x2798a939 24
1 dynarray.c:84 0x2798a709 24
2 dynarray.c:95 0x2798ae09 24
2 path.c:191 0x2798b129 25
2 path.c:205 0x2798a969 6
2 path.c:205 0x2798a9b9 7
2 path.c:205 0x2798a6c9 12
3 path.c:223 0x2798b129 0x2798b129 25 25
4 path.c:246 0x2798b129 25
4 path.c:31 0x2798a969 6
4 path.c:31 0x2798a9b9 7
4 path.c:31 0x2798a6c9 12
4 dynarray.c:112 0x2798ae09 24
4 dynarray.c:113 0x2798a709 24
4 path.c:254 0x2798a939 24
4 path.c:246 0x2798a5c9 25
4 path.c:31 0x2798ab39 6
4 path.c:31 0x2798a6e9 7
4 path.c:31 0x2798a8a9 12
4 dynarray.c:112 0x2798b0e9 32
4 dynarray.c:113 0x2798ab09 24
4 path.c:254 0x2798a989 24
2 path.c:128 0x2798a989 24
1 dynarray.c:84 0x2798af39 24
2 dynarray.c:95 0x2798ab09 16
2 path.c:90 0x2798a8a9 6
2 path.c:90 0x2798a6e9 8
2 path.c:90 0x2798ab39 12
3 dynarray.c:69 0x2798b0e9 0x2798ab09 16 32
1 path.c:143 0x2798a5c9 26
2 path.c:178 0x2798ab09 24
1 dynarray.c:84 0x2798a939 24
2 dynarray.c:95 0x2798a709 16
2 path.c:191 0x2798b129 26
2 path.c:205 0x2798a6c9 6
3 path.c:223 0x2798b129 0x2798b129 26 6
4 path.c:246 0x2798b129 6
4 path.c:31 0x2798a6c9 6
4 dynarray.c:112 0x2798a709 16
4 dynarray.c:113 0x2798a939 24
4 path.c:254 0x2798ab09 24
2 path.c:178 0x2798ab09 24
1 dynarray.c:84 0x2798ae09 24
2 dynarray.c:95 0x2798a939 16
2 path.c:191 0x2798b129 26
2 path.c:205 0x2798a6c9 6
2 path.c:205 0x2798a9b9 8
3 path.c:223 0x2798b129 0x2798b129 26 14
4 path.c:246 0x2798b129 14
4 path.c:31 0x2798a6c9 6
4 path.c:31 0x2798a9b9 8
4 dynarray.c:112 0x2798a939 16
4 dynarray.c:113 0x2798ae09 24
4 path.c:254 0x2798ab09 24
2 path.c:178 0x2798ab09 24
1 dynarray.c:84 0x2798a709 24
2 dynarray.c:95 0x2798ae09 24
2 path.c:191 0x2798b129 26
2 path.c:205 0x2798a9b9 6
2 path.c:205 0x2798a6c9 8
2 path.c:205 0x2798a969 12
3 path.c:223 0x2798b129 0x2798b129 26 26
4 path.c:246 0x2798b129 26
4 path.c:31 0x2798a9b9 6
4 path.c:31 0x2798a6c9 8
4 path.c:31 0x2798a969 12
4 dynarray.c:112 0x2798ae09 24
4 dynarray.c:113 0x2798a709 24
4 path.c:254 0x2798ab09 24
4 path.c:246 0x2798a5c9 26
4 path.c:31 0x2798a8a9 6
4 path.c:31 0x2798a6e9 8
4 path.c:31 0x2798ab39 12
4 dynarray.c:112 0x2798b0e9 32
4 dynarray.c:113 0x2798af39 24
4 path.c:254 0x2798a989 24
2 path.c:128 0x2798a989 24
1 dynarray.c:84 0x2798a939 24
2 dynarray.c:95 0x2798af39 16
2 path.c:90 0x2798ab39 6
2 path.c:90 0x2798a6e9 8
2 path.c:90 0x2798a8a9 12
3 dynarray.c:69 0x2798b0e9 0x2798af39 16 32
1 path.c:143 0x2798a5c9 26
2 path.c:178 0x2798af39 24
1 dynarray.c:84 0x2798ab09 24
2 dynarray.c:95 0x2798a709 16
2 path.c:191 0x2798b129 26
2 path.c:205 0x2798a969 6
3 path.c:223 0x2798b129 0x2798b129 26 6
4 path.c:246 0x2798b129 6
4 path.c:31 0x2798a969 6
4 dynarray.c:112 0x2798a709 16
4 dynarray.c:113 0x2798ab09 24
4 path.c:254 0x2798af39 24
2 path.c:178 0x2798af39 24
1 dynarray.c:84 0x2798ae09 24
2 dynarray.c:95 0x2798ab09 16
2 path.c:191 0x2798b129 26
2 path.c:205 0x2798a969 6
2 path.c:205 0x2798a6c9 8
3 path.c:223 0x2798b129 0x2798b129 26 14
4 path.c:246 0x2798b129 14
4 path.c:31 0x2798a969 6
4 path.c:31 0x2798a6c9 8
4 dynarray.c:112 0x2798ab09 16
4 dynarray.c:113 0x2798ae09 24
4 path.c:254 0x2798af39 24
2 path.c:178 0x2798af39 24
1 dynarray.c:84 0x2798a709 24
2 dynarray.c:95 0x2798ae09 24
2 path.c:191 0x2798b129 26
2 path.c:205 0x2798a6c9 6
2 path.c:205 0x2798a969 8
2 path.c:205 0x2798a9b9 12
3 path.c:223 0x2798b129 0x2798b129 26 26
4 path.c:246 0x2798b129 26
4 path.c:31 0x2798a6c9 6
4 path.c:31 0x2798a969 8
4 path.c:31 0x2798a9b9 12
4 dynarray.c:112 0x2798ae09 24
4 dynarray.c:113 0x2798a709 24
4 path.c:254 0x2798af39 24
4 path.c:246 0x2798a5c9 26
4 path.c:31 0x2798ab39 6
4 path.c:31 0x2798a6e9 8
4 path.c:31 0x2798a8a9 12
4 dynarray.c:112 0x2798b0e9 32
4 dynarray.c:113 0x2798a939 24
4 path.c:254 0x2798a989 24
2 path.c:128 0x2798a989 24
1 dynarray.c:84 0x2798ab09 24
2 dynarray.c:95 0x2798a939 16
2 path.c:90 0x2798a8a9 6
2 path.c:90 0x2798a6e9 8
2 path.c:90 0x2798ab39 12
3 dynarray.c:69 0x2798b0e9 0x2798a939 16 32
2 path.c:90 0x2798a9b9 6
1 path.c:143 0x2798b079 32
2 path.c:178 0x2798a939 24
1 dynarray.c:84 0x2798a5c9 24
2 dynarray.c:95 0x2798af39 16
2 path.c:191 0x2798b159 32
2 path.c:205 0x2798a969 6
3 path.c:223 0x2798b159 0x2798b159 32 6
4 path.c:246 0x2798b159 6
4 path.c:31 0x2798a969 6
4 dynarray.c:112 0x2798af39 16
4 dynarray.c:113 0x2798a5c9 24
4 path.c:254 0x2798a939 24
2 path.c:178 0x2798a939 24
1 dynarray.c:84 0x2798a709 24
2 dynarray.c:95 0x2798a5c9 16
2 path.c:191 0x2798b199 32
2 path.c:205 0x2798a969 6
2 path.c:205 0x2798b159 8
3 path.c:223 0x2798b199 0x2798b199 32 14
4 path.c:246 0x2798b199 14
4 path.c:31 0x2798a969 6
4 path.c:31 0x2798b159 8
4 dynarray.c:112 0x2798a5c9 16
4 dynarray.c:113 0x2798a709 24
4 path.c:254 0x2798a939 24
2 path.c:178 0x2798a939 24
1 dynarray.c:84 0x2798af39 24
2 dynarray.c:95 0x2798a709 24
2 path.c:191 0x2798b1d9 32
2 path.c:205 0x2798b159 6
2 path.c:205 0x2798a969 8
2 path.c:205 0x2798b199 12
3 path.c:223 0x2798b1d9 0x2798b1d9 32 26
4 path.c:246 0x2798b1d9 26
4 path.c:31 0x2798b159 6
4 path.c:31 0x2798a969 8
4 path.c:31 0x2798b199 12
4 dynarray.c:112 0x2798a709 24
4 dynarray.c:113 0x2798af39 24
4 path.c:254 0x2798a939 24
2 path.c:178 0x2798a939 24
1 dynarray.c:84 0x2798a5c9 24
2 dynarray.c:95 0x2798b219 32
2 path.c:191 0x2798b259 32
2 path.c:205 0x2798b199 6
2 path.c:205 0x2798a969 8
2 path.c:205 0x2798b159 12
2 path.c:205 0x2798b1b9 6
3 path.c:223 0x2798b259 0x2798b259 32 32
4 path.c:246 0x2798b259 32
4 path.c:31 0x2798b199 6
4 path.c:31 0x2798a969 8
4 path.c:31 0x2798b159 12
4 path.c:31 0x2798b1b9 6
4 dynarray.c:112 0x2798b219 32
4 dynarray.c:113 0x2798a5c9 24
4 path.c:254 0x2798a939 24
2 path.c:178 0x2798a939 24
1 dynarray.c:84 0x2798a5c9 24
2 dynarray.c:95 0x2798b219 32
2 path.c:191 0x2798b259 32
2 path.c:205 0x2798b1b9 6
2 path.c:205 0x2798b159 8
2 path.c:205 0x2798a969 12
2 path.c:205 0x2798b199 6
3 path.c:223 0x2798b259 0x2798b259 32 32
1 bdtBad4.c:143 0x2798b1d9 32
2 path.c:178 0x2798af39 24
1 dynarray.c:84 0x2798a709 24
2 dynarray.c:95 0x2798b299 32
2 path.c:191 0x2798b2d9 32
2 path.c:205 0x2798b179 6
2 path.c:205 0x2798a6c9 8
2 path.c:205 0x2798b319 12
2 path.c:205 0x2798b339 6
3 path.c:223 0x2798b2d9 0x2798b2d9 32 32
4 path.c:246 0x2798b259 32
4 path.c:31 0x2798b1b9 6
4 path.c:31 0x2798b159 8
4 path.c:31 0x2798a969 12
4 path.c:31 0x2798b199 6
4 dynarray.c:112 0x2798b219 32
4 dynarray.c:113 0x2798a5c9 24
4 path.c:254 0x2798a939 24
4 path.c:246 0x2798b079 32
4 path.c:31 0x2798a8a9 6
4 path.c:31 0x2798a6e9 8
4 path.c:31 0x2798ab39 12
4 path.c:31 0x2798a9b9 6
4 dynarray.c:112 0x2798b0e9 32
4 dynarray.c:113 0x2798ab09 24
4 path.c:254 0x2798a989 24
2 path.c:128 0x2798a989 24
1 dynarray.c:84 0x2798a5c9 24
2 dynarray.c:95 0x2798ab09 16
2 path.c:90 0x2798a9b9 6
2 path.c:90 0x2798ab39 8
2 path.c:90 0x2798a6e9 12
3 dynarray.c:69 0x2798b0e9 0x2798ab09 16 32
2 path.c:90 0x2798a8a9 6
1 path.c:143 0x2798b259 32
2 path.c:178 0x2798ab09 24
1 dynarray.c:84 0x2798a939 24
2 dynarray.c:95 0x2798ae09 16
2 path.c:191 0x2798b079 32
2 path.c:205 0x2798b199 6
3 path.c:223 0x2798b079 0x2798b079 32 6
4 path.c:246 0x2798b079 6
4 path.c:31 0x2798b199 6
4 dynarray.c:112 0x2798ae09 16
4 dynarray.c:113 0x2798a939 24
4 path.c:254 0x2798ab09 24
2 path.c:178 0x2798ab09 24
1 dynarray.c:84 0x2798b129 24
2 dynarray.c:95 0x2798a939 16
2 path.c:191 0x2798b359 32
2 path.c:205 0x2798b199 6
2 path.c:205 0x2798b079 8
3 path.c:223 0x2798b359 0x2798b359 32 14
4 path.c:246 0x2798b359 14
4 path.c:31 0x2798b199 6
4 path.c:31 0x2798b079 8
4 dynarray.c:112 0x2798a939 16
4 dynarray.c:113 0x2798b129 24
4 path.c:254 0x2798ab09 24
2 path.c:178 0x2798ab09 24
1 dynarray.c:84 0x2798ae09 24
2 dynarray.c:95 0x2798b129 24
2 path.c:191 0x2798b399 32
2 path.c:205 0x2798b079 6
2 path.c:205 0x2798b199 8
2 path.c:205 0x2798b359 12
3 path.c:223 0x2798b399 0x2798b399 32 26
4 path.c:246 0x2798b399 26
4 path.c:31 0x2798b079 6
4 path.c:31 0x2798b199 8
4 path.c:31 0x2798b359 12
4 dynarray.c:112 0x2798b129 24
4 dynarray.c:113 0x2798ae09 24
4 path.c:254 0x2798ab09 24
2 path.c:178 0x2798ab09 24
1 dynarray.c:84 0x2798a939 24
2 dynarray.c:95 0x2798b399 32
2 path.c:191 0x2798b3d9 32
2 path.c:205 0x2798b359 6
2 path.c:205 0x2798b199 8
2 path.c:205 0x2798b079 12
2 path.c:205 0x2798b379 6
3 path.c:223 0x2798b3d9 0x2798b3d9 32 32
4 path.c:246 0x2798b3d9 32
4 path.c:31 0x2798b359 6
4 path.c:31 0x2798b199 8
4 path.c:31 0x2798b079 12
4 path.c:31 0x2798b379 6
4 dynarray.c:112 0x2798b399 32
4 dynarray.c:113 0x2798a939 24
4 path.c:254 0x2798ab09 24
4 path.c:246 0x2798b259 32
4 path.c:31 0x2798a9b9 6
4 path.c:31 0x2798ab39 8
4 path.c:31 0x2798a6e9 12
4 path.c:31 0x2798a8a9 6
4 dynarray.c:112 0x2798b0e9 32
4 dynarray.c:113 0x2798a5c9 24
4 path.c:254 0x2798a989 24
1 dynarray.c:84 0x2798a939 24
2 dynarray.c:95 0x2798b419 48
1 bdtBad4.c:663 0x2798b469 111
4 dynarray.c:112 0x2798b419 48
4 dynarray.c:113 0x2798a939 24
6 bdt_client.c:96 0x2798b469
4 bdt_client.c:96 0x2798b469 111
2 path.c:128 0x2798a989 24
1 dynarray.c:84 0x2798a939 24
2 dynarray.c:95 0x2798a5c9 16
2 path.c:90 0x2798a8a9 6
2 path.c:90 0x2798a6e9 8
2 path.c:90 0x2798ab39 12
3 dynarray.c:69 0x2798b0e9 0x2798a5c9 16 32
2 path.c:90 0x2798a9b9 6
1 path.c:143 0x2798b219 32
2 path.c:178 0x2798a5c9 24
1 dynarray.c:84 0x2798ab09 24
2 dynarray.c:95 0x2798ae09 16
2 path.c:191 0x2798b259 32
2 path.c:205 0x2798b379 6
3 path.c:223 0x2798b259 0x2798b259 32 6
4 path.c:246 0x2798b259 6
4 path.c:31 0x2798b379 6
4 dynarray.c:112 0x2798ae09 16
4 dynarray.c:113 0x2798ab09 24
4 path.c:254 0x2798a5c9 24
2 path.c:178 0x2798a5c9 24
1 dynarray.c:84 0x2798b129 24
2 dynarray.c:95 0x2798ab09 16
2 path.c:191 0x2798b3d9 32
2 path.c:205 0x2798b379 6
2 path.c:205 0x2798b259 8
3 path.c:223 0x2798b3d9 0x2798b3d9 32 14
4 path.c:246 0x2798b3d9 14
4 path.c:31 0x2798b379 6
4 path.c:31 0x2798b259 8
4 dynarray.c:112 0x2798ab09 16
4 dynarray.c:113 0x2798b129 24
4 path.c:254 0x2798a5c9 24
2 path.c:178 0x2798a5c9 24
1 dynarray.c:84 0x2798ae09 24
2 dynarray.c:95 0x2798b129 24
2 path.c:191 0x2798b4f9 32
2 path.c:205 0x2798b259 6
2 path.c:205 0x2798b379 8
2 path.c:205 0x2798b3d9 12
3 path.c:223 0x2798b4f9 0x2798b4f9 32 26
4 path.c:246 0x2798b4f9 26
4 path.c:31 0x2798b259 6
4 path.c:31 0x2798b379 8
4 path.c:31 0x2798b3d9 12
4 dynarray.c:112 0x2798b129 24
4 dynarray.c:113 0x2798ae09 24
4 path.c:254 0x2798a5c9 24
2 path.c:178 0x2798a5c9 24
1 dynarray.c:84 0x2798ab09 24
2 dynarray.c:95 0x2798b4f9 32
2 path.c:191 0x2798b539 32
2 path.c:205 0x2798b3d9 6
2 path.c:205 0x2798b379 8
2 path.c:205 0x2798b259 12
2 path.c:205 0x2798b3f9 6
3 path.c:223 0x2798b539 0x2798b539 32 32
4 path.c:246 0x2798b539 32
4 path.c:31 0x2798b3d9 6
4 path.c:31 0x2798b379 8
4 path.c:31 0x2798b259 12
4 path.c:31 0x2798b3f9 6
4 dynarray.c:112 0x2798b4f9 32
4 dynarray.c:113 0x2798ab09 24
4 path.c:254 0x2798a5c9 24
4 path.c:246 0x2798b219 32
4 path.c:31 0x2798a8a9 6
4 path.c:31 0x2798a6e9 8
4 path.c:31 0x2798ab39 12
4 path.c:31 0x2798a9b9 6
4 dynarray.c:112 0x2798b0e9 32
4 dynarray.c:113 0x2798a939 24
4 path.c:254 0x2798a989 24
2 path.c:128 0x2798a989 24
1 dynarray.c:84 0x2798ab09 24
2 dynarray.c:95 0x2798a939 16
2 path.c:90 0x2798a9b9 6
2 path.c:90 0x2798ab39 8
2 path.c:90 0x2798a6e9 8
3 dynarray.c:69 0x2798b0e9 0x2798a939 16 32
1 path.c:143 0x2798a5c9 22
2 path.c:178 0x2798a939 24
1 dynarray.c:84 0x2798ae09 24
2 dynarray.c:95 0x2798b129 16
2 path.c:191 0x2798b579 22
2 path.c:205 0x2798a8a9 6
3 path.c:223 0x2798b579 0x2798b579 22 6
4 path.c:246 0x2798b579 6
4 path.c:31 0x2798a8a9 6
4 dynarray.c:112 0x2798b129 16
4 dynarray.c:113 0x2798ae09 24
4 path.c:254 0x2798a939 24
2 path.c:178 0x2798a939 24
1 dynarray.c:84 0x2798b579 24
2 dynarray.c:95 0x2798ae09 16
2 path.c:191 0x2798b5a9 22
2 path.c:205 0x2798a8a9 6
2 path.c:205 0x2798b3f9 8
3 path.c:223 0x2798b5a9 0x2798b5a9 22 14
4 path.c:246 0x2798b5a9 14
4 path.c:31 0x2798a8a9 6
4 path.c:31 0x2798b3f9 8
4 dynarray.c:112 0x2798ae09 16
4 dynarray.c:113 0x2798b579 24
4 path.c:254 0x2798a939 24
2 path.c:178 0x2798a939 24
1 dynarray.c:84 0x2798b129 24
2 dynarray.c:95 0x2798b579 24
2 path.c:191 0x2798b5a9 22
2 path.c:205 0x2798b3f9 6
2 path.c:205 0x2798a8a9 8
2 path.c:205 0x2798b259 8
3 path.c:223 0x2798b5a9 0x2798b5a9 22 22
4 path.c:246 0x2798b5a9 22
4 path.c:31 0x2798b3f9 6
4 path.c:31 0x2798a8a9 8
4 path.c:31 0x2798b259 8
4 dynarray.c:112 0x2798b579 24
4 dynarray.c:113 0x2798b129 24
4 path.c:254 0x2798a939 24
4 path.c:246 0x2798a5c9 22
4 path.c:31 0x2798a9b9 6
4 path.c:31 0x2798ab39 8
4 path.c:31 0x2798a6e9 8
4 dynarray.c:112 0x2798b0e9 32
4 dynarray.c:113 0x2798ab09 24
4 path.c:254 0x2798a989 24
2 path.c:128 0x2798a989 24
1 dynarray.c:84 0x2798ae09 24
2 dynarray.c:95 0x2798ab09 16
2 path.c:90 0x2798a6e9 6
2 path.c:90 0x2798ab39 8
2 path.c:90 0x2798a9b9 8
3 dynarray.c:69 0x2798b0e9 0x2798ab09 16 32
1 path.c:143 0x2798a5c9 22
2 path.c:178 0x2798ab09 24
1 dynarray.c:84 0x2798a939 24
2 dynarray.c:95 0x2798b129 16
2 path.c:191 0x2798b5a9 22
2 path.c:205 0x2798b259 6
3 path.c:223 0x2798b5a9 0x2798b5a9 22 6
4 path.c:246 0x2798b5a9 6
4 path.c:31 0x2798b259 6
4 dynarray.c:112 0x2798b129 16
4 dynarray.c:113 0x2798a939 24
4 path.c:254 0x2798ab09 24
2 path.c:178 0x2798ab09 24
1 dynarray.c:84 0x2798b579 24
2 dynarray.c:95 0x2798a939 16
2 path.c:191 0x2798b5a9 22
2 path.c:205 0x2798b259 6
2 path.c:205 0x2798a8a9 8
3 path.c:223 0x2798b5a9 0x2798b5a9 22 14
4 path.c:246 0x2798b5a9 14
4 path.c:31 0x2798b259 6
4 path.c:31 0x2798a8a9 8
4 dynarray.c:112 0x2798a939 16
4 dynarray.c:113 0x2798b579 24
4 path.c:254 0x2798ab09 24
2 path.c:178 0x2798ab09 24
1 dynarray.c:84 0x2798b129 24
2 dynarray.c:95 0x2798b579 24
2 path.c:191 0x2798b5a9 22
2 path.c:205 0x2798a8a9 6
2 path.c:205 0x2798b259 8
2 path.c:205 0x2798b3f9 8
3 path.c:223 0x2798b5a9 0x2798b5a9 22 22
4 path.c:246 0x2798b5a9 22
4 path.c:31 0x2798a8a9 6
4 path.c:31 0x2798b259 8
4 path.c:31 0x2798b3f9 8
4 dynarray.c:112 0x2798b579 24
4 dynarray.c:113 0x2798b129 24
4 path.c:254 0x2798ab09 24
4 path.c:246 0x2798a5c9 22
4 path.c:31 0x2798a6e9 6
4 path.c:31 0x2798ab39 8
4 path.c:31 0x2798a9b9 8
4 dynarray.c:112 0x2798b0e9 32
4 dynarray.c:113 0x2798ae09 24
4 path.c:254 0x2798a989 24
2 path.c:128 0x2798a989 24
1 dynarray.c:84 0x2798a939 24
2 dynarray.c:95 0x2798ae09 16
2 path.c:90 0x2798a9b9 6
2 path.c:90 0x2798ab39 8
2 path.c:90 0x2798a6e9 8
3 dynarray.c:69 0x2798b0e9 0x2798ae09 16 32
1 path.c:143 0x2798a5c9 22
2 path.c:178 0x2798ae09 24
1 dynarray.c:84 0x2798ab09 24
2 dynarray.c:95 0x2798b129 16
2 path.c:191 0x2798b5a9 22
2 path.c:205 0x2798b3f9 6
3 path.c:223 0x2798b5a9 0x2798b5a9 22 6
4 path.c:246 0x2798b5a9 6
4 path.c:31 0x2798b3f9 6
4 dynarray.c:112 0x2798b129 16
4 dynarray.c:113 0x2798ab09 24
4 path.c:254 0x2798ae09 24
2 path.c:178 0x2798ae09 24
1 dynarray.c:84 0x2798b579 24
2 dynarray.c:95 0x2798ab09 16
2 path.c:191 0x2798b5a9 22
2 path.c:205 0x2798b3f9 6
2 path.c:205 0x2798b259 8
3 path.c:223 0x2798b5a9 0x2798b5a9 22 14
4 path.c:246 0x2798b5a9 14
4 path.c:31 0x2798b3f9 6
4 path.c:31 0x2798b259 8
4 dynarray.c:112 0x2798ab09 16
4 dynarray.c:113 0x2798b579 24
4 path.c:254 0x2798ae09 24
2 path.c:178 0x2798ae09 24
1 dynarray.c:84 0x2798b129 24
2 dynarray.c:95 0x2798b579 24
2 path.c:191 0x2798b5a9 22
2 path.c:205 0x2798b259 6
2 path.c:205 0x2798b3f9 8
2 path.c:205 0x2798a8a9 8
3 path.c:223 0x2798b5a9 0x2798b5a9 22 22
4 path.c:246 0x2798b5a9 22
4 path.c:31 0x2798b259 6
4 path.c:31 0x2798b3f9 8
4 path.c:31 0x2798a8a9 8
4 dynarray.c:112 0x2798b579 24
4 dynarray.c:113 0x2798b129 24
4 path.c:254 0x2798ae09 24
4 path.c:246 0x2798a5c9 22
4 path.c:31 0x2798a9b9 6
4 path.c:31 0x2798ab39 8
4 path.c:31 0x2798a6e9 8
4 dynarray.c:112 0x2798b0e9 32
4 dynarray.c:113 0x2798a939 24
4 path.c:254 0x2798a989 24
2 path.c:128 0x2798a989 24
1 dynarray.c:84 0x2798ab09 24
2 dynarray.c:95 0x2798a939 16
2 path.c:90 0x2798a6e9 6
2 path.c:90 0x2798ab39 8
1 path.c:143 0x2798a889 14
2 path.c:178 0x2798ae09 24
1 dynarray.c:84 0x2798a5c9 24
2 dynarray.c:95 0x2798b129 16
2 path.c:191 0x2798a9b9 14
2 path.c:205 0x2798b3f9 6
3 path.c:223 0x2798a9b9 0x2798a9b9 14 6
4 path.c:246 0x2798a9b9 6
4 path.c:31 0x2798b3f9 6
4 dynarray.c:112 0x2798b129 16
4 dynarray.c:113 0x2798a5c9 24
4 path.c:254 0x2798ae09 24
2 path.c:178 0x2798ae09 24
1 dynarray.c:84 0x2798b579 24
2 dynarray.c:95 0x2798a5c9 16
2 path.c:191 0x2798b3f9 14
2 path.c:205 0x2798a9b9 6
2 path.c:205 0x2798b259 8
3 path.c:223 0x2798b3f9 0x2798b3f9 14 14
4 path.c:246 0x2798b3f9 14
4 path.c:31 0x2798a9b9 6
4 path.c:31 0x2798b259 8
4 dynarray.c:112 0x2798a5c9 16
4 dynarray.c:113 0x2798b579 24
4 path.c:254 0x2798ae09 24
4 path.c:246 0x2798a889 14
4 path.c:31 0x2798a6e9 6
4 path.c:31 0x2798ab39 8
4 dynarray.c:112 0x2798a939 16
4 dynarray.c:113 0x2798ab09 24
4 path.c:254 0x2798a989 24
4 path.c:246 0x2798b2d9 32
4 path.c:31 0x2798b179 6
4 path.c:31 0x2798a6c9 8
4 path.c:31 0x2798b319 12
4 path.c:31 0x2798b339 6
4 dynarray.c:112 0x2798b299 32
4 dynarray.c:113 0x2798a709 24
4 path.c:254 0x2798af39 24
4 bdtBad4.c:263 0x2798b1d9 32
4 path.c:246 0x2798b0b9 26
4 path.c:31 0x2798ae69 6
4 path.c:31 0x2798ae89 8
4 path.c:31 0x2798aea9 12
4 dynarray.c:112 0x2798a629 24
4 dynarray.c:113 0x2798a659 24
4 path.c:254 0x2798af09 24
4 bdtBad4.c:263 0x2798afe9 32
4 path.c:246 0x2798ada9 14
4 path.c:31 0x2798adc9 6
4 path.c:31 0x2798ade9 8
4 dynarray.c:112 0x2798ad79 16
4 dynarray.c:113 0x2798a9d9 24
4 path.c:254 0x2798acc9 24
4 bdtBad4.c:263 0x2798ad39 32
2 path.c:128 0x2798acc9 24
1 dynarray.c:84 0x2798b129 24
2 dynarray.c:95 0x2798a9d9 16
2 path.c:90 0x2798ade9 6
1 path.c:143 0x2798a8a9 6
2 path.c:178 0x2798af09 24
1 dynarray.c:84 0x2798ad79 24
2 dynarray.c:95 0x2798a659 16
2 path.c:191 0x2798adc9 6
2 path.c:205 0x2798aea9 6
3 path.c:223 0x2798adc9 0x2798adc9 6 6
4 path.c:246 0x2798adc9 6
4 path.c:31 0x2798aea9 6
4 dynarray.c:112 0x2798a659 16
4 dynarray.c:113 0x2798ad79 24
4 path.c:254 0x2798af09 24
4 path.c:246 0x2798a8a9 6
4 path.c:31 0x2798ade9 6
4 dynarray.c:112 0x2798a9d9 16
4 dynarray.c:113 0x2798b129 24
4 path.c:254 0x2798acc9 24
2 path.c:128 0x2798acc9 24
1 dynarray.c:84 0x2798a629 24
2 dynarray.c:95 0x2798b129 16
2 path.c:90 0x2798ade9 6
2 path.c:90 0x2798a8a9 7
1 path.c:143 0x2798ada9 13
2 path.c:178 0x2798af09 24
1 dynarray.c:84 0x2798a9d9 24
2 dynarray.c:95 0x2798ad79 16
2 path.c:191 0x2798aea9 13
2 path.c:205 0x2798ae89 6
3 path.c:223 0x2798aea9 0x2798aea9 13 6
4 path.c:246 0x2798aea9 6
4 path.c:31 0x2798ae89 6
4 dynarray.c:112 0x2798ad79 16
4 dynarray.c:113 0x2798a9d9 24
4 path.c:254 0x2798af09 24
2 path.c:178 0x2798af09 24
1 dynarray.c:84 0x2798a659 24
2 dynarray.c:95 0x2798a9d9 16
2 path.c:191 0x2798ae89 13
2 path.c:205 0x2798aea9 6
2 path.c:205 0x2798ae69 7
3 path.c:223 0x2798ae89 0x2798ae89 13 13
4 path.c:246 0x2798ae89 13
4 path.c:31 0x2798aea9 6
4 path.c:31 0x2798ae69 7
4 dynarray.c:112 0x2798a9d9 16
4 dynarray.c:113 0x2798a659 24
4 path.c:254 0x2798af09 24
4 path.c:246 0x2798ada9 13
4 path.c:31 0x2798ade9 6
4 path.c:31 0x2798a8a9 7
4 dynarray.c:112 0x2798b129 16
4 dynarray.c:113 0x2798a629 24
4 path.c:254 0x2798acc9 24
2 path.c:128 0x2798acc9 24
1 dynarray.c:84 0x2798ad79 24
2 dynarray.c:95 0x2798a629 16
2 path.c:90 0x2798a8a9 6
2 path.c:90 0x2798ade9 8
1 path.c:143 0x2798adc9 14
2 path.c:178 0x2798af09 24
1 dynarray.c:84 0x2798b129 24
2 dynarray.c:95 0x2798a659 16
2 path.c:191 0x2798ada9 14
2 path.c:205 0x2798aea9 6
3 path.c:223 0x2798ada9 0x2798ada9 14 6
4 path.c:246 0x2798ada9 6
4 path.c:31 0x2798aea9 6
4 dynarray.c:112 0x2798a659 16
4 dynarray.c:113 0x2798b129 24
4 path.c:254 0x2798af09 24
2 path.c:178 0x2798af09 24
1 dynarray.c:84 0x2798a9d9 24
2 dynarray.c:95 0x2798b129 16
2 path.c:191 0x2798aea9 14
2 path.c:205 0x2798ada9 6
2 path.c:205 0x2798ae89 8
3 path.c:223 0x2798aea9 0x2798aea9 14 14
4 path.c:246 0x2798aea9 14
4 path.c:31 0x2798ada9 6
4 path.c:31 0x2798ae89 8
4 dynarray.c:112 0x2798b129 16
4 dynarray.c:113 0x2798a9d9 24
4 path.c:254 0x2798af09 24
4 path.c:246 0x2798adc9 14
4 path.c:31 0x2798a8a9 6
4 path.c:31 0x2798ade9 8
4 dynarray.c:112 0x2798a629 16
4 dynarray.c:113 0x2798ad79 24
4 path.c:254 0x2798acc9 24
2 path.c:128 0x2798acc9 24
1 dynarray.c:84 0x2798a659 24
2 dynarray.c:95 0x2798ad79 16
2 path.c:90 0x2798ade9 6
2 path.c:90 0x2798a8a9 8
2 path.c:90 0x2798adc9 12
3 dynarray.c:69 0x2798ad39 0x2798ad79 16 32
1 path.c:143 0x2798a629 26
2 path.c:178 0x2798ad79 24
1 dynarray.c:84 0x2798af09 24
2 dynarray.c:95 0x2798a9d9 16
2 path.c:191 0x2798b0b9 26
2 path.c:205 0x2798ae89 6
3 path.c:223 0x2798b0b9 0x2798b0b9 26 6
4 path.c:246 0x2798b0b9 6
4 path.c:31 0x2798ae89 6
4 dynarray.c:112 0x2798a9d9 16
4 dynarray.c:113 0x2798af09 24
4 path.c:254 0x2798ad79 24
2 path.c:178 0x2798ad79 24
1 dynarray.c:84 0x2798b129 24
2 dynarray.c:95 0x2798af09 16
2 path.c:191 0x2798b0b9 26
2 path.c:205 0x2798ae89 6
2 path.c:205 0x2798ada9 8
3 path.c:223 0x2798b0b9 0x2798b0b9 26 14
4 path.c:246 0x2798b0b9 14
4 path.c:31 0x2798ae89 6
4 path.c:31 0x2798ada9 8
4 dynarray.c:112 0x2798af09 16
4 dynarray.c:113 0x2798b129 24
4 path.c:254 0x2798ad79 24
4 path.c:246 0x2798a629 26
4 path.c:31 0x2798ade9 6
4 path.c:31 0x2798a8a9 8
4 path.c:31 0x2798adc9 12
4 dynarray.c:112 0x2798ad39 32
4 dynarray.c:113 0x2798a659 24
4 path.c:254 0x2798acc9 24
2 path.c:128 0x2798acc9 24
1 dynarray.c:84 0x2798a9d9 24
2 dynarray.c:95 0x2798a659 16
2 path.c:90 0x2798adc9 6
2 path.c:90 0x2798a8a9 8
2 path.c:90 0x2798ade9 12
3 dynarray.c:69 0x2798ad39 0x2798a659 16 32
2 path.c:90 0x2798ada9 6
1 path.c:143 0x2798b399 32
2 path.c:178 0x2798a659 24
1 dynarray.c:84 0x2798a629 24
2 dynarray.c:95 0x2798ad79 16
2 path.c:191 0x2798afe9 32
2 path.c:205 0x2798ae89 6
3 path.c:223 0x2798afe9 0x2798afe9 32 6
4 path.c:246 0x2798afe9 6
4 path.c:31 0x2798ae89 6
4 dynarray.c:112 0x2798ad79 16
4 dynarray.c:113 0x2798a629 24
4 path.c:254 0x2798a659 24
2 path.c:178 0x2798a659 24
1 dynarray.c:84 0x2798b129 24
2 dynarray.c:95 0x2798a629 16
2 path.c:191 0x2798b299 32
2 path.c:205 0x2798ae89 6
2 path.c:205 0x2798afe9 8
3 path.c:223 0x2798b299 0x2798b299 32 14
4 path.c:246 0x2798b299 14
4 path.c:31 0x2798ae89 6
4 path.c:31 0x2798afe9 8
4 dynarray.c:112 0x2798a629 16
4 dynarray.c:113 0x2798b129 24
4 path.c:254 0x2798a659 24
4 path.c:246 0x2798b399 32
4 path.c:31 0x2798adc9 6
4 path.c:31 0x2798a8a9 8
4 path.c:31 0x2798ade9 12
4 path.c:31 0x2798ada9 6
4 dynarray.c:112 0x2798ad39 32
4 dynarray.c:113 0x2798a9d9 24
4 path.c:254 0x2798acc9 24
1 dynarray.c:84 0x2798ad79 24
2 dynarray.c:95 0x2798acc9 24
1 bdtBad4.c:663 0x2798b1d9 42
4 dynarray.c:112 0x2798acc9 24
4 dynarray.c:113 0x2798ad79 24
6 bdt_client.c:113 0x2798b1d9
4 bdt_client.c:113 0x2798b1d9 42
2 path.c:128 0x2798ad79 24
1 dynarray.c:84 0x2798a9d9 24
2 dynarray.c:95 0x2798acc9 16
2 path.c:90 0x2798ada9 13
1 path.c:143 0x2798ae69 13
2 path.c:178 0x2798b129 24
1 dynarray.c:84 0x2798a659 24
2 dynarray.c:95 0x2798a629 16
2 path.c:191 0x2798ade9 13
2 path.c:205 0x2798adc9 13
3 path.c:223 0x2798ade9 0x2798ade9 13 13
4 path.c:246 0x2798ade9 13
4 path.c:31 0x2798adc9 13
4 dynarray.c:112 0x2798a629 16
4 dynarray.c:113 0x2798a659 24
4 path.c:254 0x2798b129 24
4 path.c:246 0x2798ae69 13
4 path.c:31 0x2798ada9 13
4 dynarray.c:112 0x2798acc9 16
4 dynarray.c:113 0x2798a9d9 24
4 path.c:254 0x2798ad79 24
2 path.c:128 0x2798ad79 24
1 dynarray.c:84 0x2798af09 24
2 dynarray.c:95 0x2798a9d9 16
2 path.c:90 0x2798ada9 6
1 path.c:143 0x2798a8a9 6
2 path.c:178 0x2798b129 24
1 dynarray.c:84 0x2798acc9 24
2 dynarray.c:95 0x2798a659 16
2 path.c:191 0x2798ae69 6
2 path.c:205 0x2798ade9 6
3 path.c:223 0x2798ae69 0x2798ae69 6 6
4 path.c:246 0x2798ae69 6
4 path.c:31 0x2798ade9 6
4 dynarray.c:112 0x2798a659 16
4 dynarray.c:113 0x2798acc9 24
4 path.c:254 0x2798b129 24
4 path.c:246 0x2798a8a9 6
4 path.c:31 0x2798ada9 6
4 dynarray.c:112 0x2798a9d9 16
4 dynarray.c:113 0x2798af09 24
4 path.c:254 0x2798ad79 24
4 path.c:246 0x2798abf9 25
4 path.c:31 0x2798ac29 6
4 path.c:31 0x2798ac49 7
4 path.c:31 0x2798ac69 12
4 dynarray.c:112 0x2798abc9 24
4 dynarray.c:113 0x2798a909 24
4 path.c:254 0x2798ab99 24
4 bdtBad4.c:263 0x2798ab59 32
4 path.c:246 0x2798aaa9 13
4 path.c:31 0x2798aac9 6
4 path.c:31 0x2798aae9 7
4 dynarray.c:112 0x2798aa79 16
4 dynarray.c:113 0x2798a599 24
4 path.c:254 0x2798aa49 24
4 bdtBad4.c:263 0x2798aa09 32
4 path.c:246 0x2798a849 6
4 path.c:31 0x2798a869 6
4 dynarray.c:112 0x2798a819 16
4 dynarray.c:113 0x2798a5f9 24
4 path.c:254 0x2798a7e9 24
4 bdtBad4.c:263 0x2798a7a9 32
2 path.c:128 0x2798a7e9 24
1 dynarray.c:84 0x2798a629 24
2 dynarray.c:95 0x2798a5f9 16
2 path.c:90 0x2798a869 6
2 path.c:90 0x2798a849 7
1 path.c:143 0x2798adc9 13
4 path.c:246 0x2798adc9 13
4 path.c:31 0x2798a869 6
4 path.c:31 0x2798a849 7
4 dynarray.c:112 0x2798a5f9 16
4 dynarray.c:113 0x2798a629 24
4 path.c:254 0x2798a7e9 24
2 path.c:128 0x2798a7e9 24
1 dynarray.c:84 0x2798a819 24
2 dynarray.c:95 0x2798a629 16
2 path.c:90 0x2798a849 6
1 path.c:143 0x2798adc9 6
4 path.c:246 0x2798adc9 6
4 path.c:31 0x2798a849 6
4 dynarray.c:112 0x2798a629 16
4 dynarray.c:113 0x2798a819 24
4 path.c:254 0x2798a7e9 24
2 path.c:128 0x2798a7e9 24
1 dynarray.c:84 0x2798a5f9 24
2 dynarray.c:95 0x2798a819 16
2 path.c:90 0x2798a849 6
1 path.c:143 0x2798adc9 6
4 path.c:246 0x2798adc9 6
4 path.c:31 0x2798a849 6
4 dynarray.c:112 0x2798a819 16
4 dynarray.c:113 0x2798a5f9 24
4 path.c:254 0x2798a7e9 24
2 path.c:128 0x2798a7e9 24
1 dynarray.c:84 0x2798a629 24
2 dynarray.c:95 0x2798a5f9 16
2 path.c:90 0x2798a849 13
1 path.c:143 0x2798adc9 13
4 path.c:246 0x2798adc9 13
4 path.c:31 0x2798a849 13
4 dynarray.c:112 0x2798a5f9 16
4 dynarray.c:113 0x2798a629 24
4 path.c:254 0x2798a7e9 24
1 dynarray.c:84 0x2798a819 24
2 dynarray.c:95 0x2798a7e9 16
1 bdtBad4.c:663 0x2798adc9 1
4 dynarray.c:112 0x2798a7e9 16
4 dynarray.c:113 0x2798a819 24
4 bdt_client.c:124 0x2798adc9 1
2 path.c:128 0x2798a819 24
1 dynarray.c:84 0x2798a629 24
2 dynarray.c:95 0x2798a7e9 16
2 path.c:90 0x2798a849 2
2 path.c:90 0x2798a869 2
1 path.c:143 0x2798adc9 4
2 path.c:178 0x2798aa49 24
1 dynarray.c:84 0x2798a5f9 24
2 dynarray.c:95 0x2798a599 16
2 path.c:191 0x2798aae9 4
2 path.c:205 0x2798aaa9 2
3 path.c:223 0x2798aae9 0x2798aae9 4 2
1 bdtBad4.c:143 0x2798b1d9 32
2 path.c:178 0x2798ab99 24
1 dynarray.c:84 0x2798aa79 24
2 dynarray.c:95 0x2798a909 16
2 path.c:191 0x2798ac69 2
2 path.c:205 0x2798ac49 2
3 path.c:223 0x2798ac69 0x2798ac69 2 2
4 path.c:246 0x2798aae9 2
4 path.c:31 0x2798aaa9 2
4 dynarray.c:112 0x2798a599 16
4 dynarray.c:113 0x2798a5f9 24
4 path.c:254 0x2798aa49 24
2 path.c:178 0x2798aa49 24
1 dynarray.c:84 0x2798abc9 24
2 dynarray.c:95 0x2798a5f9 16
2 path.c:191 0x2798aaa9 4
2 path.c:205 0x2798aae9 2
2 path.c:205 0x2798ac29 2
3 path.c:223 0x2798aaa9 0x2798aaa9 4 4
1 bdtBad4.c:143 0x2798afa9 32
2 path.c:178 0x2798abf9 24
1 dynarray.c:84 0x2798a599 24
2 dynarray.c:95 0x2798ad79 16
2 path.c:191 0x2798ada9 4
2 path.c:205 0x2798a8a9 2
2 path.c:205 0x2798ade9 2
3 path.c:223 0x2798ada9 0x2798ada9 4 4
4 path.c:246 0x2798aaa9 4
4 path.c:31 0x2798aae9 2
4 path.c:31 0x2798ac29 2
4 dynarray.c:112 0x2798a5f9 16
4 dynarray.c:113 0x2798abc9 24
4 path.c:254 0x2798aa49 24
4 path.c:246 0x2798adc9 4
4 path.c:31 0x2798a849 2
4 path.c:31 0x2798a869 2
4 dynarray.c:112 0x2798a7e9 16
4 dynarray.c:113 0x2798a629 24
4 path.c:254 0x2798a819 24
1 dynarray.c:84 0x2798af09 24
2 dynarray.c:95 0x2798a819 16
1 bdtBad4.c:663 0x2798aac9 5
4 dynarray.c:112 0x2798a819 16
4 dynarray.c:113 0x2798af09 24
6 bdt_client.c:136 0x2798aac9
4 bdt_client.c:136 0x2798aac9 5
2 path.c:128 0x2798af09 24
1 dynarray.c:84 0x2798a629 24
2 dynarray.c:95 0x2798a819 16
2 path.c:90 0x2798a869 2
2 path.c:90 0x2798a849 2
1 path.c:143 0x2798aac9 4
2 path.c:178 0x2798aa49 24
1 dynarray.c:84 0x2798a7e9 24
2 dynarray.c:95 0x2798abc9 16
2 path.c:191 0x2798adc9 4
2 path.c:205 0x2798aae9 2
3 path.c:223 0x2798adc9 0x2798adc9 4 2
4 path.c:246 0x2798adc9 2
4 path.c:31 0x2798aae9 2
4 dynarray.c:112 0x2798abc9 16
4 dynarray.c:113 0x2798a7e9 24
4 path.c:254 0x2798aa49 24
2 path.c:178 0x2798aa49 24
1 dynarray.c:84 0x2798a5f9 24
2 dynarray.c:95 0x2798a7e9 16
2 path.c:191 0x2798aae9 4
2 path.c:205 0x2798adc9 2
2 path.c:205 0x2798aaa9 2
3 path.c:223 0x2798aae9 0x2798aae9 4 4
4 path.c:246 0x2798aae9 4
4 path.c:31 0x2798adc9 2
4 path.c:31 0x2798aaa9 2
4 dynarray.c:112 0x2798a7e9 16
4 dynarray.c:113 0x2798a5f9 24
4 path.c:254 0x2798aa49 24
2 path.c:178 0x2798aa49 24
1 dynarray.c:84 0x2798abc9 24
2 dynarray.c:95 0x2798a5f9 16
2 path.c:191 0x2798aaa9 4
2 path.c:205 0x2798adc9 2
2 path.c:205 0x2798aae9 2
3 path.c:223 0x2798aaa9 0x2798aaa9 4 4
1 bdtBad4.c:143 0x2798af69 32
2 path.c:178 0x2798a9d9 24
1 dynarray.c:84 0x2798a7e9 24
2 dynarray.c:95 0x2798b129 16
2 path.c:191 0x2798ae69 4
2 path.c:205 0x2798afe9 2
2 path.c:205 0x2798ae89 2
3 path.c:223 0x2798ae69 0x2798ae69 4 4
4 path.c:246 0x2798aaa9 4
4 path.c:31 0x2798adc9 2
4 path.c:31 0x2798aae9 2
4 dynarray.c:112 0x2798a5f9 16
4 dynarray.c:113 0x2798abc9 24
4 path.c:254 0x2798aa49 24
4 path.c:246 0x2798aac9 4
4 path.c:31 0x2798a869 2
4 path.c:31 0x2798a849 2
4 dynarray.c:112 0x2798a819 16
4 dynarray.c:113 0x2798a629 24
4 path.c:254 0x2798af09 24
1 dynarray.c:84 0x2798acc9 24
2 dynarray.c:95 0x2798af09 24
1 bdtBad4.c:663 0x2798ac29 8
4 dynarray.c:112 0x2798af09 24
4 dynarray.c:113 0x2798acc9 24
6 bdt_client.c:140 0x2798ac29
4 bdt_client.c:140 0x2798ac29 8
2 path.c:128 0x2798acc9 24
1 dynarray.c:84 0x2798a629 24
2 dynarray.c:95 0x2798af09 16
2 path.c:90 0x2798a849 2
2 path.c:90 0x2798a869 2
1 path.c:143 0x2798ac29 4
2 path.c:178 0x2798aa49 24
1 dynarray.c:84 0x2798a819 24
2 dynarray.c:95 0x2798abc9 16
2 path.c:191 0x2798aac9 4
2 path.c:205 0x2798adc9 2
3 path.c:223 0x2798aac9 0x2798aac9 4 2
4 path.c:246 0x2798aac9 2
4 path.c:31 0x2798adc9 2
4 dynarray.c:112 0x2798abc9 16
4 dynarray.c:113 0x2798a819 24
4 path.c:254 0x2798aa49 24
2 path.c:178 0x2798aa49 24
1 dynarray.c:84 0x2798a5f9 24
2 dynarray.c:95 0x2798a819 16
2 path.c:191 0x2798adc9 4
2 path.c:205 0x2798aac9 2
2 path.c:205 0x2798aaa9 2
3 path.c:223 0x2798adc9 0x2798adc9 4 4
4 path.c:246 0x2798adc9 4
4 path.c:31 0x2798aac9 2
4 path.c:31 0x2798aaa9 2
4 dynarray.c:112 0x2798a819 16
4 dynarray.c:113 0x2798a5f9 24
4 path.c:254 0x2798aa49 24
4 path.c:246 0x2798ac29 4
4 path.c:31 0x2798a849 2
4 path.c:31 0x2798a869 2
4 dynarray.c:112 0x2798af09 16
4 dynarray.c:113 0x2798a629 24
4 path.c:254 0x2798acc9 24
4 path.c:246 0x2798ada9 4
4 path.c:31 0x2798a8a9 2
4 path.c:31 0x2798ade9 2
4 dynarray.c:112 0x2798ad79 16
4 dynarray.c:113 0x2798a599 24
4 path.c:254 0x2798abf9 24
4 bdtBad4.c:263 0x2798afa9 32
1 dynarray.c:84 0x2798abc9 24
2 dynarray.c:95 0x2798abf9 16
1 bdtBad4.c:663 0x2798aae9 5
4 dynarray.c:112 0x2798abf9 16
4 dynarray.c:113 0x2798abc9 24
6 bdt_client.c:144 0x2798aae9
4 bdt_client.c:144 0x2798aae9 5
2 path.c:128 0x2798abc9 24
1 dynarray.c:84 0x2798a599 24
2 dynarray.c:95 0x2798abf9 16
2 path.c:90 0x2798ade9 2
2 path.c:90 0x2798a8a9 3
1 path.c:143 0x2798aae9 5
2 path.c:178 0x2798acc9 24
1 dynarray.c:84 0x2798ad79 24
2 dynarray.c:95 0x2798a629 16
2 path.c:191 0x2798ada9 5
2 path.c:205 0x2798a849 2
3 path.c:223 0x2798ada9 0x2798ada9 5 2
4 path.c:246 0x2798ada9 2
4 path.c:31 0x2798a849 2
4 dynarray.c:112 0x2798a629 16
4 dynarray.c:113 0x2798ad79 24
4 path.c:254 0x2798acc9 24
2 path.c:178 0x2798acc9 24
1 dynarray.c:84 0x2798af09 24
2 dynarray.c:95 0x2798ad79 16
2 path.c:191 0x2798a849 5
2 path.c:205 0x2798ada9 2
2 path.c:205 0x2798ac29 3
3 path.c:223 0x2798a849 0x2798a849 5 5
4 path.c:246 0x2798a849 5
4 path.c:31 0x2798ada9 2
4 path.c:31 0x2798ac29 3
4 dynarray.c:112 0x2798ad79 16
4 dynarray.c:113 0x2798af09 24
4 path.c:254 0x2798acc9 24
2 path.c:178 0x2798acc9 24
1 dynarray.c:84 0x2798a629 24
2 dynarray.c:95 0x2798af09 16
2 path.c:191 0x2798ac29 5
2 path.c:205 0x2798ada9 2
2 path.c:205 0x2798a849 3
3 path.c:223 0x2798ac29 0x2798ac29 5 5
1 bdtBad4.c:143 0x2798afa9 32
2 path.c:178 0x2798aa49 24
1 dynarray.c:84 0x2798ad79 24
2 dynarray.c:95 0x2798a5f9 16
2 path.c:191 0x2798aaa9 5
2 path.c:205 0x2798aac9 2
2 path.c:205 0x2798adc9 3
3 path.c:223 0x2798aaa9 0x2798aaa9 5 5
4 path.c:246 0x2798ac29 5
4 path.c:31 0x2798ada9 2
4 path.c:31 0x2798a849 3
4 dynarray.c:112 0x2798af09 16
4 dynarray.c:113 0x2798a629 24
4 path.c:254 0x2798acc9 24
4 path.c:246 0x2798aae9 5
4 path.c:31 0x2798ade9 2
4 path.c:31 0x2798a8a9 3
4 dynarray.c:112 0x2798abf9 16
4 dynarray.c:113 0x2798a599 24
4 path.c:254 0x2798abc9 24
1 dynarray.c:84 0x2798a819 24
2 dynarray.c:95 0x2798abc9 24
1 bdtBad4.c:663 0x2798a869 9
4 dynarray.c:112 0x2798abc9 24
4 dynarray.c:113 0x2798a819 24
6 bdt_client.c:148 0x2798a869
4 bdt_client.c:148 0x2798a869 9
2 path.c:128 0x2798a819 24
1 dynarray.c:84 0x2798a599 24
2 dynarray.c:95 0x2798abc9 16
2 path.c:90 0x2798a8a9 2
2 path.c:90 0x2798ade9 3
1 path.c:143 0x2798a869 5
2 path.c:178 0x2798acc9 24
1 dynarray.c:84 0x2798abf9 24
2 dynarray.c:95 0x2798a629 16
2 path.c:191 0x2798aae9 5
2 path.c:205 0x2798ada9 2
3 path.c:223 0x2798aae9 0x2798aae9 5 2
4 path.c:246 0x2798aae9 2
4 path.c:31 0x2798ada9 2
4 dynarray.c:112 0x2798a629 16
4 dynarray.c:113 0x2798abf9 24
4 path.c:254 0x2798acc9 24
2 path.c:178 0x2798acc9 24
1 dynarray.c:84 0x2798af09 24
2 dynarray.c:95 0x2798abf9 16
2 path.c:191 0x2798ada9 5
2 path.c:205 0x2798aae9 2
2 path.c:205 0x2798ac29 3
3 path.c:223 0x2798ada9 0x2798ada9 5 5
4 path.c:246 0x2798ada9 5
4 path.c:31 0x2798aae9 2
4 path.c:31 0x2798ac29 3
4 dynarray.c:112 0x2798abf9 16
4 dynarray.c:113 0x2798af09 24
4 path.c:254 0x2798acc9 24
4 path.c:246 0x2798a869 5
4 path.c:31 0x2798a8a9 2
4 path.c:31 0x2798ade9 3
4 dynarray.c:112 0x2798abc9 16
4 dynarray.c:113 0x2798a599 24
4 path.c:254 0x2798a819 24
4 path.c:246 0x2798aaa9 5
4 path.c:31 0x2798aac9 2
4 path.c:31 0x2798adc9 3
4 dynarray.c:112 0x2798a5f9 16
4 dynarray.c:113 0x2798ad79 24
4 path.c:254 0x2798aa49 24
4 bdtBad4.c:263 0x2798afa9 32
1 dynarray.c:84 0x2798a629 24
2 dynarray.c:95 0x2798aa49 16
1 bdtBad4.c:663 0x2798a849 5
4 dynarray.c:112 0x2798aa49 16
4 dynarray.c:113 0x2798a629 24
6 bdt_client.c:152 0x2798a849
4 bdt_client.c:152 0x2798a849 5
2 path.c:128 0x2798a629 24
1 dynarray.c:84 0x2798ad79 24
2 dynarray.c:95 0x2798aa49 16
2 path.c:90 0x2798adc9 2
2 path.c:90 0x2798aac9 3
1 path.c:143 0x2798a849 5
2 path.c:178 0x2798a819 24
1 dynarray.c:84 0x2798a5f9 24
2 dynarray.c:95 0x2798a599 16
2 path.c:191 0x2798aaa9 5
2 path.c:205 0x2798a8a9 2
3 path.c:223 0x2798aaa9 0x2798aaa9 5 2
4 path.c:246 0x2798aaa9 2
4 path.c:31 0x2798a8a9 2
4 dynarray.c:112 0x2798a599 16
4 dynarray.c:113 0x2798a5f9 24
4 path.c:254 0x2798a819 24
2 path.c:178 0x2798a819 24
1 dynarray.c:84 0x2798abc9 24
2 dynarray.c:95 0x2798a5f9 16
2 path.c:191 0x2798a8a9 5
2 path.c:205 0x2798aaa9 2
2 path.c:205 0x2798a869 3
3 path.c:223 0x2798a8a9 0x2798a8a9 5 5
4 path.c:246 0x2798a8a9 5
4 path.c:31 0x2798aaa9 2
4 path.c:31 0x2798a869 3
4 dynarray.c:112 0x2798a5f9 16
4 dynarray.c:113 0x2798abc9 24
4 path.c:254 0x2798a819 24
2 path.c:178 0x2798a819 24
1 dynarray.c:84 0x2798a599 24
2 dynarray.c:95 0x2798abc9 16
2 path.c:191 0x2798a869 5
2 path.c:205 0x2798aaa9 2
2 path.c:205 0x2798a8a9 3
3 path.c:223 0x2798a869 0x2798a869 5 5
1 bdtBad4.c:143 0x2798afa9 32
2 path.c:178 0x2798acc9 24
1 dynarray.c:84 0x2798a5f9 24
2 dynarray.c:95 0x2798af09 16
2 path.c:191 0x2798ac29 5
2 path.c:205 0x2798aae9 2
2 path.c:205 0x2798ada9 3
3 path.c:223 0x2798ac29 0x2798ac29 5 5
4 path.c:246 0x2798a869 5
4 path.c:31 0x2798aaa9 2
4 path.c:31 0x2798a8a9 3
4 dynarray.c:112 0x2798abc9 16
4 dynarray.c:113 0x2798a599 24
4 path.c:254 0x2798a819 24
4 path.c:246 0x2798a849 5
4 path.c:31 0x2798adc9 2
4 path.c:31 0x2798aac9 3
4 dynarray.c:112 0x2798aa49 16
4 dynarray.c:113 0x2798ad79 24
4 path.c:254 0x2798a629 24
1 dynarray.c:84 0x2798abf9 24
2 dynarray.c:95 0x2798a629 24
1 bdtBad4.c:663 0x2798ade9 9
4 dynarray.c:112 0x2798a629 24
4 dynarray.c:113 0x2798abf9 24
6 bdt_client.c:156 0x2798ade9
4 bdt_client.c:156 0x2798ade9 9
2 path.c:128 0x2798abf9 24
1 dynarray.c:84 0x2798ad79 24
2 dynarray.c:95 0x2798a629 16
2 path.c:90 0x2798aac9 2
2 path.c:90 0x2798adc9 2
1 path.c:143 0x2798ade9 4
2 path.c:178 0x2798a819 24
1 dynarray.c:84 0x2798aa49 24
2 dynarray.c:95 0x2798a599 16
2 path.c:191 0x2798a849 4
2 path.c:205 0x2798aaa9 2
3 path.c:223 0x2798a849 0x2798a849 4 2
4 path.c:246 0x2798a849 2
4 path.c:31 0x2798aaa9 2
4 dynarray.c:112 0x2798a599 16
4 dynarray.c:113 0x2798aa49 24
4 path.c:254 0x2798a819 24
2 path.c:178 0x2798a819 24
1 dynarray.c:84 0x2798abc9 24
2 dynarray.c:95 0x2798aa49 16
2 path.c:191 0x2798aaa9 4
2 path.c:205 0x2798a849 2
2 path.c:205 0x2798a869 2
3 path.c:223 0x2798aaa9 0x2798aaa9 4 4
4 path.c:246 0x2798aaa9 4
4 path.c:31 0x2798a849 2
4 path.c:31 0x2798a869 2
4 dynarray.c:112 0x2798aa49 16
4 dynarray.c:113 0x2798abc9 24
4 path.c:254 0x2798a819 24
4 path.c:246 0x2798ade9 4
4 path.c:31 0x2798aac9 2
4 path.c:31 0x2798adc9 2
4 dynarray.c:112 0x2798a629 16
4 dynarray.c:113 0x2798ad79 24
4 path.c:254 0x2798abf9 24
4 path.c:246 0x2798ae69 4
4 path.c:31 0x2798afe9 2
4 path.c:31 0x2798ae89 2
4 dynarray.c:112 0x2798b129 16
4 dynarray.c:113 0x2798a7e9 24
4 path.c:254 0x2798a9d9 24
4 bdtBad4.c:263 0x2798af69 32
1 dynarray.c:84 0x2798a599 24
2 dynarray.c:95 0x2798a9d9 16
1 bdtBad4.c:663 0x2798a8a9 6
4 dynarray.c:112 0x2798a9d9 16
4 dynarray.c:113 0x2798a599 24
6 bdt_client.c:160 0x2798a8a9
4 bdt_client.c:160 0x2798a8a9 6
4 path.c:246 0x2798ac29 5
4 path.c:31 0x2798aae9 2
4 path.c:31 0x2798ada9 3
4 dynarray.c:112 0x2798af09 16
4 dynarray.c:113 0x2798a5f9 24
4 path.c:254 0x2798acc9 24
4 bdtBad4.c:263 0x2798afa9 32
4 path.c:246 0x2798ac69 2
4 path.c:31 0x2798ac49 2
4 dynarray.c:112 0x2798a909 16
4 dynarray.c:113 0x2798aa79 24
4 path.c:254 0x2798ab99 24
4 bdtBad4.c:263 0x2798b1d9 32
